#
# There is insufficient memory for the Java Runtime Environment to continue.
# Native memory allocation (mmap) failed to map 109051904 bytes for G1 virtual space
# Possible reasons:
#   The system is out of physical RAM or swap space
#   The process is running with CompressedOops enabled, and the Java Heap may be blocking the growth of the native heap
# Possible solutions:
#   Reduce memory load on the system
#   Increase physical memory or swap space
#   Check if swap backing store is full
#   Decrease Java heap size (-Xmx/-Xms)
#   Decrease number of Java threads
#   Decrease Java thread stack sizes (-Xss)
#   Set larger code cache with -XX:ReservedCodeCacheSize=
#   JVM is running with Unscaled Compressed Oops mode in which the Java heap is
#     placed in the first 4GB address space. The Java Heap base address is the
#     maximum limit for the native heap growth. Please use -XX:HeapBaseMinAddress
#     to set the Java Heap base and to place the Java Heap above 4GB virtual address.
# This output file may be truncated or incomplete.
#
#  Out of Memory Error (os_windows.cpp:3617), pid=13952, tid=14756
#
# JRE version: OpenJDK Runtime Environment Microsoft-8035246 (17.0.8+7) (build 17.0.8+7-LTS)
# Java VM: OpenJDK 64-Bit Server VM Microsoft-8035246 (17.0.8+7-LTS, mixed mode, sharing, tiered, compressed oops, compressed class ptrs, g1 gc, windows-amd64)
# No core dump will be written. Minidumps are not enabled by default on client versions of Windows
#

---------------  S U M M A R Y ------------

Command Line: org.jetbrains.kotlin.cli.jvm.K2JVMCompiler @D:\react checking\Foodapp\node_modules\react-native-gesture-handler\android\build\20240226_4269345656553352198.compiler.options

Host: Intel(R) Core(TM) i5-6440HQ CPU @ 2.60GHz, 4 cores, 7G,  Windows 10 , 64 bit Build 19041 (10.0.19041.3636)
Time: Mon Feb 26 01:30:28 2024 India Standard Time elapsed time: 35.611045 seconds (0d 0h 0m 35s)

---------------  T H R E A D  ---------------

Current thread (0x0000012bfe7c91a0):  VMThread "VM Thread" [stack: 0x0000002661300000,0x0000002661400000] [id=14756]

Stack: [0x0000002661300000,0x0000002661400000]
Native frames: (J=compiled Java code, j=interpreted, Vv=VM code, C=native code)
V  [jvm.dll+0x67bf3a]
V  [jvm.dll+0x83a024]
V  [jvm.dll+0x83b7ce]
V  [jvm.dll+0x83be33]
V  [jvm.dll+0x24785f]
V  [jvm.dll+0x678cb9]
V  [jvm.dll+0x66d54a]
V  [jvm.dll+0x308feb]
V  [jvm.dll+0x310496]
V  [jvm.dll+0x36019e]
V  [jvm.dll+0x3603cf]
V  [jvm.dll+0x2dff38]
V  [jvm.dll+0x2de114]
V  [jvm.dll+0x2dd71c]
V  [jvm.dll+0x32143b]
V  [jvm.dll+0x84032b]
V  [jvm.dll+0x841064]
V  [jvm.dll+0x84157d]
V  [jvm.dll+0x841954]
V  [jvm.dll+0x841a20]
V  [jvm.dll+0x7ea13a]
V  [jvm.dll+0x67ad85]
C  [ucrtbase.dll+0x21bb2]
C  [KERNEL32.DLL+0x17344]
C  [ntdll.dll+0x526b1]

VM_Operation (0x0000002660dfd520): G1CollectForAllocation, mode: safepoint, requested by thread 0x0000012bf1f74d20


---------------  P R O C E S S  ---------------

Threads class SMR info:
_java_thread_list=0x0000012bda7fd600, length=13, elements={
0x0000012bf1f74d20, 0x0000012bfe7d0140, 0x0000012bfe7d0dc0, 0x0000012bfe7ea700,
0x0000012bfe7ec0d0, 0x0000012bfe7ee240, 0x0000012bfe7ef3a0, 0x0000012bfe7f44d0,
0x0000012bfe7f6ee0, 0x0000012bfe7fe0a0, 0x0000012bfea23a20, 0x0000012bfea2a5c0,
0x0000012bd9f08b00
}

Java Threads: ( => current thread )
  0x0000012bf1f74d20 JavaThread "main" [_thread_blocked, id=2540, stack(0x0000002660d00000,0x0000002660e00000)]
  0x0000012bfe7d0140 JavaThread "Reference Handler" daemon [_thread_blocked, id=15604, stack(0x0000002661400000,0x0000002661500000)]
  0x0000012bfe7d0dc0 JavaThread "Finalizer" daemon [_thread_blocked, id=13108, stack(0x0000002661500000,0x0000002661600000)]
  0x0000012bfe7ea700 JavaThread "Signal Dispatcher" daemon [_thread_blocked, id=11268, stack(0x0000002661600000,0x0000002661700000)]
  0x0000012bfe7ec0d0 JavaThread "Attach Listener" daemon [_thread_blocked, id=7656, stack(0x0000002661700000,0x0000002661800000)]
  0x0000012bfe7ee240 JavaThread "Service Thread" daemon [_thread_blocked, id=3040, stack(0x0000002661800000,0x0000002661900000)]
  0x0000012bfe7ef3a0 JavaThread "Monitor Deflation Thread" daemon [_thread_blocked, id=6936, stack(0x0000002661900000,0x0000002661a00000)]
  0x0000012bfe7f44d0 JavaThread "C2 CompilerThread0" daemon [_thread_blocked, id=10408, stack(0x0000002661a00000,0x0000002661b00000)]
  0x0000012bfe7f6ee0 JavaThread "C1 CompilerThread0" daemon [_thread_blocked, id=8588, stack(0x0000002661b00000,0x0000002661c00000)]
  0x0000012bfe7fe0a0 JavaThread "Sweeper thread" daemon [_thread_blocked, id=1128, stack(0x0000002661c00000,0x0000002661d00000)]
  0x0000012bfea23a20 JavaThread "Notification Thread" daemon [_thread_blocked, id=15872, stack(0x0000002661d00000,0x0000002661e00000)]
  0x0000012bfea2a5c0 JavaThread "Common-Cleaner" daemon [_thread_blocked, id=16268, stack(0x0000002661f00000,0x0000002662000000)]
  0x0000012bd9f08b00 JavaThread "C2 CompilerThread1" daemon [_thread_blocked, id=13364, stack(0x0000002662000000,0x0000002662100000)]

Other Threads:
=>0x0000012bfe7c91a0 VMThread "VM Thread" [stack: 0x0000002661300000,0x0000002661400000] [id=14756]
  0x0000012bfea25f10 WatcherThread [stack: 0x0000002661e00000,0x0000002661f00000] [id=11056]
  0x0000012bf1fcdd80 GCTaskThread "GC Thread#0" [stack: 0x0000002660e00000,0x0000002660f00000] [id=11100]
  0x0000012bfecfca10 GCTaskThread "GC Thread#1" [stack: 0x0000002662100000,0x0000002662200000] [id=14044]
  0x0000012bfee699f0 GCTaskThread "GC Thread#2" [stack: 0x0000002662200000,0x0000002662300000] [id=11316]
  0x0000012bfeea51f0 GCTaskThread "GC Thread#3" [stack: 0x0000002662300000,0x0000002662400000] [id=16976]
  0x0000012bf1fde8f0 ConcurrentGCThread "G1 Main Marker" [stack: 0x0000002660f00000,0x0000002661000000] [id=3060]
  0x0000012bf1fdf300 ConcurrentGCThread "G1 Conc#0" [stack: 0x0000002661000000,0x0000002661100000] [id=4432]
  0x0000012bfe6820b0 ConcurrentGCThread "G1 Refine#0" [stack: 0x0000002661100000,0x0000002661200000] [id=13908]
  0x0000012bfe9797b0 ConcurrentGCThread "G1 Refine#1" [stack: 0x0000002662400000,0x0000002662500000] [id=4296]
  0x0000012bfe682ae0 ConcurrentGCThread "G1 Service" [stack: 0x0000002661200000,0x0000002661300000] [id=3136]

Threads with active compile tasks:
C2 CompilerThread0    35672 20596       4       java.util.AbstractSequentialList::iterator (5 bytes)
C1 CompilerThread0    35672 20621       3       org.jetbrains.kotlin.codegen.inline.SMAP$findRange$index$1::invoke (34 bytes)
C2 CompilerThread1    35672 20590       4       java.util.BitSet::set (58 bytes)

VM state: at safepoint (normal execution)

VM Mutex/Monitor currently owned by a thread:  ([mutex/lock_event])
[0x0000012bf1f70100] Threads_lock - owner thread: 0x0000012bfe7c91a0
[0x0000012bf1f6fd10] Heap_lock - owner thread: 0x0000012bf1f74d20

Heap address: 0x0000000085c00000, size: 1956 MB, Compressed Oops mode: 32-bit

CDS archive(s) mapped at: [0x0000012b91000000-0x0000012b91bd0000-0x0000012b91bd0000), size 12386304, SharedBaseAddress: 0x0000012b91000000, ArchiveRelocationMode: 1.
Compressed class space mapped at: 0x0000012b92000000-0x0000012bd2000000, reserved size: 1073741824
Narrow klass base: 0x0000012b91000000, Narrow klass shift: 0, Narrow klass range: 0x100000000

GC Precious Log:
 CPUs: 4 total, 4 available
 Memory: 7821M
 Large Page Support: Disabled
 NUMA Support: Disabled
 Compressed Oops: Enabled (32-bit)
 Heap Region Size: 1M
 Heap Min Capacity: 8M
 Heap Initial Capacity: 124M
 Heap Max Capacity: 1956M
 Pre-touch: Disabled
 Parallel Workers: 4
 Concurrent Workers: 1
 Concurrent Refinement Workers: 4
 Periodic GC: Disabled

Heap:
 garbage-first heap   total 183296K, used 102984K [0x0000000085c00000, 0x0000000100000000)
  region size 1024K, 3 young (3072K), 3 survivors (3072K)
 Metaspace       used 84396K, committed 84736K, reserved 1179648K
  class space    used 9063K, committed 9216K, reserved 1048576K

Heap Regions: E=young(eden), S=young(survivor), O=old, HS=humongous(starts), HC=humongous(continues), CS=collection set, F=free, OA=open archive, CA=closed archive, TAMS=top-at-mark-start (previous, next)
|   0|0x0000000085c00000, 0x0000000085d00000, 0x0000000085d00000|100%|HS|  |TAMS 0x0000000085d00000, 0x0000000085c00000| Complete 
|   1|0x0000000085d00000, 0x0000000085e00000, 0x0000000085e00000|100%|HC|  |TAMS 0x0000000085e00000, 0x0000000085d00000| Complete 
|   2|0x0000000085e00000, 0x0000000085f00000, 0x0000000085f00000|100%|HC|  |TAMS 0x0000000085f00000, 0x0000000085e00000| Complete 
|   3|0x0000000085f00000, 0x0000000086000000, 0x0000000086000000|100%|HC|  |TAMS 0x0000000086000000, 0x0000000085f00000| Complete 
|   4|0x0000000086000000, 0x0000000086100000, 0x0000000086100000|100%| O|  |TAMS 0x0000000086100000, 0x0000000086000000| Untracked 
|   5|0x0000000086100000, 0x0000000086200000, 0x0000000086200000|100%| O|  |TAMS 0x0000000086200000, 0x0000000086100000| Untracked 
|   6|0x0000000086200000, 0x0000000086300000, 0x0000000086300000|100%| O|  |TAMS 0x0000000086300000, 0x0000000086200000| Untracked 
|   7|0x0000000086300000, 0x0000000086400000, 0x0000000086400000|100%|HS|  |TAMS 0x0000000086400000, 0x0000000086300000| Complete 
|   8|0x0000000086400000, 0x0000000086500000, 0x0000000086500000|100%|HC|  |TAMS 0x0000000086500000, 0x0000000086400000| Complete 
|   9|0x0000000086500000, 0x0000000086600000, 0x0000000086600000|100%|HC|  |TAMS 0x0000000086600000, 0x0000000086500000| Complete 
|  10|0x0000000086600000, 0x0000000086700000, 0x0000000086700000|100%|HC|  |TAMS 0x0000000086700000, 0x0000000086600000| Complete 
|  11|0x0000000086700000, 0x0000000086800000, 0x0000000086800000|100%|HS|  |TAMS 0x0000000086800000, 0x0000000086700000| Complete 
|  12|0x0000000086800000, 0x0000000086900000, 0x0000000086900000|100%|HC|  |TAMS 0x0000000086900000, 0x0000000086800000| Complete 
|  13|0x0000000086900000, 0x0000000086a00000, 0x0000000086a00000|100%| O|  |TAMS 0x0000000086a00000, 0x0000000086900000| Untracked 
|  14|0x0000000086a00000, 0x0000000086b00000, 0x0000000086b00000|100%| O|  |TAMS 0x0000000086b00000, 0x0000000086a00000| Untracked 
|  15|0x0000000086b00000, 0x0000000086c00000, 0x0000000086c00000|100%| O|  |TAMS 0x0000000086c00000, 0x0000000086b00000| Untracked 
|  16|0x0000000086c00000, 0x0000000086d00000, 0x0000000086d00000|100%| O|  |TAMS 0x0000000086d00000, 0x0000000086c00000| Untracked 
|  17|0x0000000086d00000, 0x0000000086e00000, 0x0000000086e00000|100%| O|  |TAMS 0x0000000086e00000, 0x0000000086d00000| Untracked 
|  18|0x0000000086e00000, 0x0000000086f00000, 0x0000000086f00000|100%| O|  |TAMS 0x0000000086f00000, 0x0000000086e00000| Untracked 
|  19|0x0000000086f00000, 0x0000000087000000, 0x0000000087000000|100%| O|  |TAMS 0x0000000087000000, 0x0000000086f00000| Untracked 
|  20|0x0000000087000000, 0x0000000087100000, 0x0000000087100000|100%| O|  |TAMS 0x0000000087100000, 0x0000000087000000| Untracked 
|  21|0x0000000087100000, 0x0000000087200000, 0x0000000087200000|100%| O|  |TAMS 0x0000000087200000, 0x0000000087100000| Untracked 
|  22|0x0000000087200000, 0x0000000087300000, 0x0000000087300000|100%| O|  |TAMS 0x0000000087300000, 0x0000000087200000| Untracked 
|  23|0x0000000087300000, 0x0000000087400000, 0x0000000087400000|100%| O|  |TAMS 0x0000000087400000, 0x0000000087300000| Untracked 
|  24|0x0000000087400000, 0x0000000087500000, 0x0000000087500000|100%| O|  |TAMS 0x0000000087500000, 0x0000000087400000| Untracked 
|  25|0x0000000087500000, 0x0000000087600000, 0x0000000087600000|100%| O|  |TAMS 0x0000000087600000, 0x0000000087500000| Untracked 
|  26|0x0000000087600000, 0x0000000087700000, 0x0000000087700000|100%| O|  |TAMS 0x0000000087700000, 0x0000000087600000| Untracked 
|  27|0x0000000087700000, 0x0000000087800000, 0x0000000087800000|100%| O|  |TAMS 0x0000000087800000, 0x0000000087700000| Untracked 
|  28|0x0000000087800000, 0x0000000087900000, 0x0000000087900000|100%| O|  |TAMS 0x0000000087900000, 0x0000000087800000| Untracked 
|  29|0x0000000087900000, 0x0000000087a00000, 0x0000000087a00000|100%| O|  |TAMS 0x0000000087900000, 0x0000000087900000| Untracked 
|  30|0x0000000087a00000, 0x0000000087b00000, 0x0000000087b00000|100%| O|  |TAMS 0x0000000087b00000, 0x0000000087a00000| Untracked 
|  31|0x0000000087b00000, 0x0000000087c00000, 0x0000000087c00000|100%| O|  |TAMS 0x0000000087c00000, 0x0000000087b00000| Untracked 
|  32|0x0000000087c00000, 0x0000000087d00000, 0x0000000087d00000|100%| O|  |TAMS 0x0000000087d00000, 0x0000000087c00000| Untracked 
|  33|0x0000000087d00000, 0x0000000087e00000, 0x0000000087e00000|100%| O|  |TAMS 0x0000000087e00000, 0x0000000087d00000| Untracked 
|  34|0x0000000087e00000, 0x0000000087f00000, 0x0000000087f00000|100%| O|  |TAMS 0x0000000087f00000, 0x0000000087e00000| Untracked 
|  35|0x0000000087f00000, 0x0000000088000000, 0x0000000088000000|100%| O|  |TAMS 0x0000000088000000, 0x0000000087f00000| Untracked 
|  36|0x0000000088000000, 0x0000000088100000, 0x0000000088100000|100%| O|  |TAMS 0x0000000088100000, 0x0000000088000000| Untracked 
|  37|0x0000000088100000, 0x0000000088200000, 0x0000000088200000|100%| O|  |TAMS 0x0000000088200000, 0x0000000088100000| Untracked 
|  38|0x0000000088200000, 0x0000000088300000, 0x0000000088300000|100%| O|  |TAMS 0x0000000088300000, 0x0000000088200000| Untracked 
|  39|0x0000000088300000, 0x0000000088400000, 0x0000000088400000|100%| O|  |TAMS 0x0000000088400000, 0x0000000088300000| Untracked 
|  40|0x0000000088400000, 0x0000000088500000, 0x0000000088500000|100%| O|  |TAMS 0x0000000088500000, 0x0000000088400000| Untracked 
|  41|0x0000000088500000, 0x0000000088600000, 0x0000000088600000|100%| O|  |TAMS 0x0000000088600000, 0x0000000088500000| Untracked 
|  42|0x0000000088600000, 0x0000000088700000, 0x0000000088700000|100%| O|  |TAMS 0x0000000088700000, 0x0000000088600000| Untracked 
|  43|0x0000000088700000, 0x0000000088800000, 0x0000000088800000|100%| O|  |TAMS 0x0000000088800000, 0x0000000088700000| Untracked 
|  44|0x0000000088800000, 0x0000000088900000, 0x0000000088900000|100%| O|  |TAMS 0x0000000088900000, 0x0000000088800000| Untracked 
|  45|0x0000000088900000, 0x0000000088a00000, 0x0000000088a00000|100%| O|  |TAMS 0x0000000088a00000, 0x0000000088900000| Untracked 
|  46|0x0000000088a00000, 0x0000000088b00000, 0x0000000088b00000|100%| O|  |TAMS 0x0000000088b00000, 0x0000000088a00000| Untracked 
|  47|0x0000000088b00000, 0x0000000088c00000, 0x0000000088c00000|100%| O|  |TAMS 0x0000000088c00000, 0x0000000088b00000| Untracked 
|  48|0x0000000088c00000, 0x0000000088d00000, 0x0000000088d00000|100%| O|  |TAMS 0x0000000088d00000, 0x0000000088c00000| Untracked 
|  49|0x0000000088d00000, 0x0000000088e00000, 0x0000000088e00000|100%| O|  |TAMS 0x0000000088e00000, 0x0000000088d00000| Untracked 
|  50|0x0000000088e00000, 0x0000000088f00000, 0x0000000088f00000|100%| O|  |TAMS 0x0000000088f00000, 0x0000000088e00000| Untracked 
|  51|0x0000000088f00000, 0x0000000089000000, 0x0000000089000000|100%| O|  |TAMS 0x0000000089000000, 0x0000000088f00000| Untracked 
|  52|0x0000000089000000, 0x0000000089100000, 0x0000000089100000|100%| O|  |TAMS 0x0000000089100000, 0x0000000089000000| Untracked 
|  53|0x0000000089100000, 0x0000000089200000, 0x0000000089200000|100%| O|  |TAMS 0x0000000089200000, 0x0000000089100000| Untracked 
|  54|0x0000000089200000, 0x0000000089300000, 0x0000000089300000|100%| O|  |TAMS 0x0000000089300000, 0x0000000089200000| Untracked 
|  55|0x0000000089300000, 0x0000000089400000, 0x0000000089400000|100%| O|  |TAMS 0x0000000089400000, 0x0000000089300000| Untracked 
|  56|0x0000000089400000, 0x0000000089500000, 0x0000000089500000|100%| O|  |TAMS 0x0000000089500000, 0x0000000089400000| Untracked 
|  57|0x0000000089500000, 0x0000000089600000, 0x0000000089600000|100%| O|  |TAMS 0x0000000089600000, 0x0000000089500000| Untracked 
|  58|0x0000000089600000, 0x0000000089700000, 0x0000000089700000|100%| O|  |TAMS 0x0000000089700000, 0x0000000089600000| Untracked 
|  59|0x0000000089700000, 0x0000000089800000, 0x0000000089800000|100%| O|  |TAMS 0x0000000089800000, 0x0000000089700000| Untracked 
|  60|0x0000000089800000, 0x0000000089900000, 0x0000000089900000|100%| O|  |TAMS 0x0000000089900000, 0x0000000089800000| Untracked 
|  61|0x0000000089900000, 0x0000000089a00000, 0x0000000089a00000|100%| O|  |TAMS 0x0000000089a00000, 0x0000000089900000| Untracked 
|  62|0x0000000089a00000, 0x0000000089b00000, 0x0000000089b00000|100%| O|  |TAMS 0x0000000089b00000, 0x0000000089a00000| Untracked 
|  63|0x0000000089b00000, 0x0000000089c00000, 0x0000000089c00000|100%| O|  |TAMS 0x0000000089c00000, 0x0000000089b00000| Untracked 
|  64|0x0000000089c00000, 0x0000000089d00000, 0x0000000089d00000|100%|HS|  |TAMS 0x0000000089c00000, 0x0000000089c00000| Complete 
|  65|0x0000000089d00000, 0x0000000089e00000, 0x0000000089e00000|100%| O|  |TAMS 0x0000000089e00000, 0x0000000089d00000| Untracked 
|  66|0x0000000089e00000, 0x0000000089f00000, 0x0000000089f00000|100%| O|  |TAMS 0x0000000089e00000, 0x0000000089e00000| Untracked 
|  67|0x0000000089f00000, 0x000000008a000000, 0x000000008a000000|100%| O|  |TAMS 0x0000000089f00000, 0x0000000089f00000| Untracked 
|  68|0x000000008a000000, 0x000000008a100000, 0x000000008a100000|100%| O|  |TAMS 0x000000008a100000, 0x000000008a000000| Untracked 
|  69|0x000000008a100000, 0x000000008a200000, 0x000000008a200000|100%| O|  |TAMS 0x000000008a200000, 0x000000008a100000| Untracked 
|  70|0x000000008a200000, 0x000000008a300000, 0x000000008a300000|100%| O|  |TAMS 0x000000008a300000, 0x000000008a200000| Untracked 
|  71|0x000000008a300000, 0x000000008a300000, 0x000000008a400000|  0%| F|  |TAMS 0x000000008a300000, 0x000000008a300000| Untracked 
|  72|0x000000008a400000, 0x000000008a500000, 0x000000008a500000|100%| O|  |TAMS 0x000000008a500000, 0x000000008a400000| Untracked 
|  73|0x000000008a500000, 0x000000008a600000, 0x000000008a600000|100%| O|  |TAMS 0x000000008a600000, 0x000000008a500000| Untracked 
|  74|0x000000008a600000, 0x000000008a700000, 0x000000008a700000|100%| O|  |TAMS 0x000000008a700000, 0x000000008a600000| Untracked 
|  75|0x000000008a700000, 0x000000008a800000, 0x000000008a800000|100%| O|  |TAMS 0x000000008a800000, 0x000000008a700000| Untracked 
|  76|0x000000008a800000, 0x000000008a800000, 0x000000008a900000|  0%| F|  |TAMS 0x000000008a800000, 0x000000008a800000| Untracked 
|  77|0x000000008a900000, 0x000000008a900000, 0x000000008aa00000|  0%| F|  |TAMS 0x000000008a900000, 0x000000008a900000| Untracked 
|  78|0x000000008aa00000, 0x000000008ab00000, 0x000000008ab00000|100%| O|  |TAMS 0x000000008ab00000, 0x000000008aa00000| Untracked 
|  79|0x000000008ab00000, 0x000000008ac00000, 0x000000008ac00000|100%| O|  |TAMS 0x000000008ac00000, 0x000000008ab00000| Untracked 
|  80|0x000000008ac00000, 0x000000008ad00000, 0x000000008ad00000|100%| O|  |TAMS 0x000000008ad00000, 0x000000008ac00000| Untracked 
|  81|0x000000008ad00000, 0x000000008ad00000, 0x000000008ae00000|  0%| F|  |TAMS 0x000000008ad00000, 0x000000008ad00000| Untracked 
|  82|0x000000008ae00000, 0x000000008ae00000, 0x000000008af00000|  0%| F|  |TAMS 0x000000008ae00000, 0x000000008ae00000| Untracked 
|  83|0x000000008af00000, 0x000000008b000000, 0x000000008b000000|100%| O|  |TAMS 0x000000008b000000, 0x000000008af00000| Untracked 
|  84|0x000000008b000000, 0x000000008b000000, 0x000000008b100000|  0%| F|  |TAMS 0x000000008b000000, 0x000000008b000000| Untracked 
|  85|0x000000008b100000, 0x000000008b200000, 0x000000008b200000|100%| O|  |TAMS 0x000000008b200000, 0x000000008b100000| Untracked 
|  86|0x000000008b200000, 0x000000008b300000, 0x000000008b300000|100%| O|  |TAMS 0x000000008b300000, 0x000000008b200000| Untracked 
|  87|0x000000008b300000, 0x000000008b400000, 0x000000008b400000|100%| O|  |TAMS 0x000000008b400000, 0x000000008b300000| Untracked 
|  88|0x000000008b400000, 0x000000008b400000, 0x000000008b500000|  0%| F|  |TAMS 0x000000008b400000, 0x000000008b400000| Untracked 
|  89|0x000000008b500000, 0x000000008b600000, 0x000000008b600000|100%| O|  |TAMS 0x000000008b600000, 0x000000008b500000| Untracked 
|  90|0x000000008b600000, 0x000000008b700000, 0x000000008b700000|100%| O|  |TAMS 0x000000008b700000, 0x000000008b600000| Untracked 
|  91|0x000000008b700000, 0x000000008b800000, 0x000000008b800000|100%| O|  |TAMS 0x000000008b800000, 0x000000008b700000| Untracked 
|  92|0x000000008b800000, 0x000000008b900000, 0x000000008b900000|100%| O|  |TAMS 0x000000008b900000, 0x000000008b800000| Untracked 
|  93|0x000000008b900000, 0x000000008ba00000, 0x000000008ba00000|100%| O|  |TAMS 0x000000008ba00000, 0x000000008b900000| Untracked 
|  94|0x000000008ba00000, 0x000000008bb00000, 0x000000008bb00000|100%| O|  |TAMS 0x000000008bb00000, 0x000000008ba00000| Untracked 
|  95|0x000000008bb00000, 0x000000008bc00000, 0x000000008bc00000|100%| O|  |TAMS 0x000000008bc00000, 0x000000008bb00000| Untracked 
|  96|0x000000008bc00000, 0x000000008bd00000, 0x000000008bd00000|100%| O|  |TAMS 0x000000008bd00000, 0x000000008bc00000| Untracked 
|  97|0x000000008bd00000, 0x000000008be00000, 0x000000008be00000|100%| O|  |TAMS 0x000000008be00000, 0x000000008bd00000| Untracked 
|  98|0x000000008be00000, 0x000000008bf00000, 0x000000008bf00000|100%| O|  |TAMS 0x000000008bf00000, 0x000000008be00000| Untracked 
|  99|0x000000008bf00000, 0x000000008c000000, 0x000000008c000000|100%| O|  |TAMS 0x000000008c000000, 0x000000008bf00000| Untracked 
| 100|0x000000008c000000, 0x000000008c100000, 0x000000008c100000|100%| O|  |TAMS 0x000000008c100000, 0x000000008c000000| Untracked 
| 101|0x000000008c100000, 0x000000008c200000, 0x000000008c200000|100%| O|  |TAMS 0x000000008c1ce000, 0x000000008c100000| Untracked 
| 102|0x000000008c200000, 0x000000008c300000, 0x000000008c300000|100%| O|  |TAMS 0x000000008c200000, 0x000000008c200000| Untracked 
| 103|0x000000008c300000, 0x000000008c400000, 0x000000008c400000|100%| O|  |TAMS 0x000000008c300000, 0x000000008c300000| Untracked 
| 104|0x000000008c400000, 0x000000008c500000, 0x000000008c500000|100%| O|  |TAMS 0x000000008c400000, 0x000000008c400000| Untracked 
| 105|0x000000008c500000, 0x000000008c554600, 0x000000008c600000| 32%| O|  |TAMS 0x000000008c500000, 0x000000008c500000| Untracked 
| 106|0x000000008c600000, 0x000000008c600000, 0x000000008c700000|  0%| F|  |TAMS 0x000000008c600000, 0x000000008c600000| Untracked 
| 107|0x000000008c700000, 0x000000008c700000, 0x000000008c800000|  0%| F|  |TAMS 0x000000008c700000, 0x000000008c700000| Untracked 
| 108|0x000000008c800000, 0x000000008c800000, 0x000000008c900000|  0%| F|  |TAMS 0x000000008c800000, 0x000000008c800000| Untracked 
| 109|0x000000008c900000, 0x000000008c900000, 0x000000008ca00000|  0%| F|  |TAMS 0x000000008c900000, 0x000000008c900000| Untracked 
| 110|0x000000008ca00000, 0x000000008ca00000, 0x000000008cb00000|  0%| F|  |TAMS 0x000000008ca00000, 0x000000008ca00000| Untracked 
| 111|0x000000008cb00000, 0x000000008cb00000, 0x000000008cc00000|  0%| F|  |TAMS 0x000000008cb00000, 0x000000008cb00000| Untracked 
| 112|0x000000008cc00000, 0x000000008cc00000, 0x000000008cd00000|  0%| F|  |TAMS 0x000000008cc00000, 0x000000008cc00000| Untracked 
| 113|0x000000008cd00000, 0x000000008cd00000, 0x000000008ce00000|  0%| F|  |TAMS 0x000000008cd00000, 0x000000008cd00000| Untracked 
| 114|0x000000008ce00000, 0x000000008ce00000, 0x000000008cf00000|  0%| F|  |TAMS 0x000000008ce00000, 0x000000008ce00000| Untracked 
| 115|0x000000008cf00000, 0x000000008cf00000, 0x000000008d000000|  0%| F|  |TAMS 0x000000008cf00000, 0x000000008cf00000| Untracked 
| 116|0x000000008d000000, 0x000000008d000000, 0x000000008d100000|  0%| F|  |TAMS 0x000000008d000000, 0x000000008d000000| Untracked 
| 117|0x000000008d100000, 0x000000008d100000, 0x000000008d200000|  0%| F|  |TAMS 0x000000008d100000, 0x000000008d100000| Untracked 
| 118|0x000000008d200000, 0x000000008d200000, 0x000000008d300000|  0%| F|  |TAMS 0x000000008d200000, 0x000000008d200000| Untracked 
| 119|0x000000008d300000, 0x000000008d300000, 0x000000008d400000|  0%| F|  |TAMS 0x000000008d300000, 0x000000008d300000| Untracked 
| 120|0x000000008d400000, 0x000000008d400000, 0x000000008d500000|  0%| F|  |TAMS 0x000000008d400000, 0x000000008d400000| Untracked 
| 121|0x000000008d500000, 0x000000008d500000, 0x000000008d600000|  0%| F|  |TAMS 0x000000008d500000, 0x000000008d500000| Untracked 
| 122|0x000000008d600000, 0x000000008d600000, 0x000000008d700000|  0%| F|  |TAMS 0x000000008d600000, 0x000000008d600000| Untracked 
| 123|0x000000008d700000, 0x000000008d700000, 0x000000008d800000|  0%| F|  |TAMS 0x000000008d700000, 0x000000008d700000| Untracked 
| 124|0x000000008d800000, 0x000000008d800000, 0x000000008d900000|  0%| F|  |TAMS 0x000000008d800000, 0x000000008d800000| Untracked 
| 125|0x000000008d900000, 0x000000008d93db60, 0x000000008da00000| 24%| S|CS|TAMS 0x000000008d900000, 0x000000008d900000| Complete 
| 126|0x000000008da00000, 0x000000008db00000, 0x000000008db00000|100%| S|CS|TAMS 0x000000008da00000, 0x000000008da00000| Complete 
| 127|0x000000008db00000, 0x000000008dc00000, 0x000000008dc00000|100%| S|CS|TAMS 0x000000008db00000, 0x000000008db00000| Complete 
| 128|0x000000008dc00000, 0x000000008dc00000, 0x000000008dd00000|  0%| F|  |TAMS 0x000000008dc00000, 0x000000008dc00000| Untracked 
| 129|0x000000008dd00000, 0x000000008dd00000, 0x000000008de00000|  0%| F|  |TAMS 0x000000008dd00000, 0x000000008dd00000| Untracked 
| 130|0x000000008de00000, 0x000000008de00000, 0x000000008df00000|  0%| F|  |TAMS 0x000000008de00000, 0x000000008de00000| Untracked 
| 131|0x000000008df00000, 0x000000008df00000, 0x000000008e000000|  0%| F|  |TAMS 0x000000008df00000, 0x000000008df00000| Untracked 
| 132|0x000000008e000000, 0x000000008e000000, 0x000000008e100000|  0%| F|  |TAMS 0x000000008e000000, 0x000000008e000000| Untracked 
| 133|0x000000008e100000, 0x000000008e100000, 0x000000008e200000|  0%| F|  |TAMS 0x000000008e100000, 0x000000008e100000| Untracked 
| 134|0x000000008e200000, 0x000000008e200000, 0x000000008e300000|  0%| F|  |TAMS 0x000000008e200000, 0x000000008e200000| Untracked 
| 135|0x000000008e300000, 0x000000008e300000, 0x000000008e400000|  0%| F|  |TAMS 0x000000008e300000, 0x000000008e300000| Untracked 
| 136|0x000000008e400000, 0x000000008e400000, 0x000000008e500000|  0%| F|  |TAMS 0x000000008e400000, 0x000000008e400000| Untracked 
| 137|0x000000008e500000, 0x000000008e500000, 0x000000008e600000|  0%| F|  |TAMS 0x000000008e500000, 0x000000008e500000| Untracked 
| 138|0x000000008e600000, 0x000000008e600000, 0x000000008e700000|  0%| F|  |TAMS 0x000000008e600000, 0x000000008e600000| Untracked 
| 139|0x000000008e700000, 0x000000008e700000, 0x000000008e800000|  0%| F|  |TAMS 0x000000008e700000, 0x000000008e700000| Untracked 
| 140|0x000000008e800000, 0x000000008e800000, 0x000000008e900000|  0%| F|  |TAMS 0x000000008e800000, 0x000000008e800000| Untracked 
| 141|0x000000008e900000, 0x000000008e900000, 0x000000008ea00000|  0%| F|  |TAMS 0x000000008e900000, 0x000000008e900000| Untracked 
| 142|0x000000008ea00000, 0x000000008ea00000, 0x000000008eb00000|  0%| F|  |TAMS 0x000000008ea00000, 0x000000008ea00000| Untracked 
| 143|0x000000008eb00000, 0x000000008eb00000, 0x000000008ec00000|  0%| F|  |TAMS 0x000000008eb00000, 0x000000008eb00000| Untracked 
| 144|0x000000008ec00000, 0x000000008ec00000, 0x000000008ed00000|  0%| F|  |TAMS 0x000000008ec00000, 0x000000008ec00000| Untracked 
| 145|0x000000008ed00000, 0x000000008ed00000, 0x000000008ee00000|  0%| F|  |TAMS 0x000000008ed00000, 0x000000008ed00000| Untracked 
| 146|0x000000008ee00000, 0x000000008ee00000, 0x000000008ef00000|  0%| F|  |TAMS 0x000000008ee00000, 0x000000008ee00000| Untracked 
| 147|0x000000008ef00000, 0x000000008ef00000, 0x000000008f000000|  0%| F|  |TAMS 0x000000008ef00000, 0x000000008ef00000| Untracked 
| 148|0x000000008f000000, 0x000000008f000000, 0x000000008f100000|  0%| F|  |TAMS 0x000000008f000000, 0x000000008f000000| Untracked 
| 149|0x000000008f100000, 0x000000008f100000, 0x000000008f200000|  0%| F|  |TAMS 0x000000008f100000, 0x000000008f100000| Untracked 
| 150|0x000000008f200000, 0x000000008f200000, 0x000000008f300000|  0%| F|  |TAMS 0x000000008f200000, 0x000000008f200000| Untracked 
| 151|0x000000008f300000, 0x000000008f300000, 0x000000008f400000|  0%| F|  |TAMS 0x000000008f300000, 0x000000008f300000| Untracked 
| 152|0x000000008f400000, 0x000000008f400000, 0x000000008f500000|  0%| F|  |TAMS 0x000000008f400000, 0x000000008f400000| Untracked 
| 153|0x000000008f500000, 0x000000008f500000, 0x000000008f600000|  0%| F|  |TAMS 0x000000008f500000, 0x000000008f500000| Untracked 
| 154|0x000000008f600000, 0x000000008f600000, 0x000000008f700000|  0%| F|  |TAMS 0x000000008f600000, 0x000000008f600000| Untracked 
| 155|0x000000008f700000, 0x000000008f700000, 0x000000008f800000|  0%| F|  |TAMS 0x000000008f700000, 0x000000008f700000| Untracked 
| 156|0x000000008f800000, 0x000000008f800000, 0x000000008f900000|  0%| F|  |TAMS 0x000000008f800000, 0x000000008f800000| Untracked 
| 157|0x000000008f900000, 0x000000008f900000, 0x000000008fa00000|  0%| F|  |TAMS 0x000000008f900000, 0x000000008f900000| Untracked 
| 158|0x000000008fa00000, 0x000000008fa00000, 0x000000008fb00000|  0%| F|  |TAMS 0x000000008fa00000, 0x000000008fa00000| Untracked 
| 159|0x000000008fb00000, 0x000000008fb00000, 0x000000008fc00000|  0%| F|  |TAMS 0x000000008fb00000, 0x000000008fb00000| Untracked 
| 160|0x000000008fc00000, 0x000000008fc00000, 0x000000008fd00000|  0%| F|  |TAMS 0x000000008fc00000, 0x000000008fc00000| Untracked 
| 161|0x000000008fd00000, 0x000000008fd00000, 0x000000008fe00000|  0%| F|  |TAMS 0x000000008fd00000, 0x000000008fd00000| Untracked 
| 162|0x000000008fe00000, 0x000000008fe00000, 0x000000008ff00000|  0%| F|  |TAMS 0x000000008fe00000, 0x000000008fe00000| Untracked 
| 163|0x000000008ff00000, 0x000000008ff00000, 0x0000000090000000|  0%| F|  |TAMS 0x000000008ff00000, 0x000000008ff00000| Untracked 
| 164|0x0000000090000000, 0x0000000090000000, 0x0000000090100000|  0%| F|  |TAMS 0x0000000090000000, 0x0000000090000000| Untracked 
| 165|0x0000000090100000, 0x0000000090100000, 0x0000000090200000|  0%| F|  |TAMS 0x0000000090100000, 0x0000000090100000| Untracked 
| 166|0x0000000090200000, 0x0000000090200000, 0x0000000090300000|  0%| F|  |TAMS 0x0000000090200000, 0x0000000090200000| Untracked 
| 167|0x0000000090300000, 0x0000000090300000, 0x0000000090400000|  0%| F|  |TAMS 0x0000000090300000, 0x0000000090300000| Untracked 
| 168|0x0000000090400000, 0x0000000090400000, 0x0000000090500000|  0%| F|  |TAMS 0x0000000090400000, 0x0000000090400000| Untracked 
| 169|0x0000000090500000, 0x0000000090500000, 0x0000000090600000|  0%| F|  |TAMS 0x0000000090500000, 0x0000000090500000| Untracked 
| 170|0x0000000090600000, 0x0000000090600000, 0x0000000090700000|  0%| F|  |TAMS 0x0000000090600000, 0x0000000090600000| Untracked 
| 171|0x0000000090700000, 0x0000000090700000, 0x0000000090800000|  0%| F|  |TAMS 0x0000000090700000, 0x0000000090700000| Untracked 
| 172|0x0000000090800000, 0x0000000090800000, 0x0000000090900000|  0%| F|  |TAMS 0x0000000090800000, 0x0000000090800000| Untracked 
| 173|0x0000000090900000, 0x0000000090900000, 0x0000000090a00000|  0%| F|  |TAMS 0x0000000090900000, 0x0000000090900000| Untracked 
| 174|0x0000000090a00000, 0x0000000090a00000, 0x0000000090b00000|  0%| F|  |TAMS 0x0000000090a00000, 0x0000000090a00000| Untracked 
| 175|0x0000000090b00000, 0x0000000090b00000, 0x0000000090c00000|  0%| F|  |TAMS 0x0000000090b00000, 0x0000000090b00000| Untracked 
| 176|0x0000000090c00000, 0x0000000090c00000, 0x0000000090d00000|  0%| F|  |TAMS 0x0000000090c00000, 0x0000000090c00000| Untracked 
| 177|0x0000000090d00000, 0x0000000090d00000, 0x0000000090e00000|  0%| F|  |TAMS 0x0000000090d00000, 0x0000000090d00000| Untracked 
| 178|0x0000000090e00000, 0x0000000090e00000, 0x0000000090f00000|  0%| F|  |TAMS 0x0000000090e00000, 0x0000000090e00000| Untracked 

Card table byte_map: [0x0000012bf9e50000,0x0000012bfa230000] _byte_map_base: 0x0000012bf9a22000

Marking Bits (Prev, Next): (CMBitMap*) 0x0000012bf1fce3a0, (CMBitMap*) 0x0000012bf1fce3e0
 Prev Bits: [0x0000012bfa610000, 0x0000012bfc4a0000)
 Next Bits: [0x0000012bfc4a0000, 0x0000012bfe330000)

Polling page: 0x0000012befd20000

Metaspace:

Usage:
  Non-class:     73.57 MB used.
      Class:      8.85 MB used.
       Both:     82.42 MB used.

Virtual space:
  Non-class space:      128.00 MB reserved,      73.75 MB ( 58%) committed,  2 nodes.
      Class space:        1.00 GB reserved,       9.00 MB ( <1%) committed,  1 nodes.
             Both:        1.12 GB reserved,      82.75 MB (  7%) committed. 

Chunk freelists:
   Non-Class:  5.31 MB
       Class:  7.00 MB
        Both:  12.31 MB

MaxMetaspaceSize: unlimited
CompressedClassSpaceSize: 1.00 GB
Initial GC threshold: 21.00 MB
Current GC threshold: 130.31 MB
CDS: on
MetaspaceReclaimPolicy: balanced
 - commit_granule_bytes: 65536.
 - commit_granule_words: 8192.
 - virtual_space_node_default_size: 8388608.
 - enlarge_chunks_in_place: 1.
 - new_chunks_are_fully_committed: 0.
 - uncommit_free_chunks: 1.
 - use_allocation_guard: 0.
 - handle_deallocations: 1.


Internal statistics:

num_allocs_failed_limit: 6.
num_arena_births: 430.
num_arena_deaths: 0.
num_vsnodes_births: 3.
num_vsnodes_deaths: 0.
num_space_committed: 1322.
num_space_uncommitted: 0.
num_chunks_returned_to_freelist: 6.
num_chunks_taken_from_freelist: 3454.
num_chunk_merges: 6.
num_chunk_splits: 2793.
num_chunks_enlarged: 2452.
num_inconsistent_stats: 0.

CodeHeap 'non-profiled nmethods': size=120000Kb used=8679Kb max_used=8679Kb free=111320Kb
 bounds [0x0000012b87ad0000, 0x0000012b88350000, 0x0000012b8f000000]
CodeHeap 'profiled nmethods': size=120000Kb used=45586Kb max_used=46706Kb free=74413Kb
 bounds [0x0000012b80000000, 0x0000012b82dc0000, 0x0000012b87530000]
CodeHeap 'non-nmethods': size=5760Kb used=1425Kb max_used=1505Kb free=4334Kb
 bounds [0x0000012b87530000, 0x0000012b877a0000, 0x0000012b87ad0000]
 total_blobs=16529 nmethods=15775 adapters=661
 compilation: enabled
              stopped_count=0, restarted_count=0
 full_count=0

Compilation events (20 events):
Event: 35.588 Thread 0x0000012bd9f08b00 nmethod 20267 0x0000012b8833e810 code [0x0000012b8833efe0, 0x0000012b88345968]
Event: 35.590 Thread 0x0000012bfe7f6ee0 nmethod 20622 0x0000012b81019a10 code [0x0000012b81019d00, 0x0000012b8101aa98]
Event: 35.590 Thread 0x0000012bfe7f6ee0 20605       3       org.jetbrains.kotlin.backend.jvm.ir.JvmIrTypeUtilsKt::eraseTypeParameters (82 bytes)
Event: 35.592 Thread 0x0000012bfe7f6ee0 nmethod 20605 0x0000012b8205d990 code [0x0000012b8205dc80, 0x0000012b8205ed78]
Event: 35.592 Thread 0x0000012bfe7f6ee0 20617       3       org.jetbrains.kotlin.codegen.inline.RangeMapping::contains (27 bytes)
Event: 35.593 Thread 0x0000012bfe7f6ee0 nmethod 20617 0x0000012b8108d210 code [0x0000012b8108d3a0, 0x0000012b8108d558]
Event: 35.593 Thread 0x0000012bfe7f6ee0 20620       3       org.jetbrains.kotlin.codegen.inline.SMAP$findRange$index$1::invoke (9 bytes)
Event: 35.594 Thread 0x0000012bfe7f6ee0 nmethod 20620 0x0000012b809d1090 code [0x0000012b809d12e0, 0x0000012b809d1ba8]
Event: 35.594 Thread 0x0000012bfe7f6ee0 20604       3       org.jetbrains.kotlin.backend.jvm.codegen.ExpressionCodegen::getRealType (154 bytes)
Event: 35.594 Thread 0x0000012bfe7f44d0 nmethod 20595 0x0000012b88128a90 code [0x0000012b88128c20, 0x0000012b88128f38]
Event: 35.595 Thread 0x0000012bfe7f44d0 20596       4       java.util.AbstractSequentialList::iterator (5 bytes)
Event: 35.595 Thread 0x0000012bd9f08b00 20590       4       java.util.BitSet::set (58 bytes)
Event: 35.596 Thread 0x0000012bfe7f6ee0 nmethod 20604 0x0000012b8203b510 code [0x0000012b8203b8a0, 0x0000012b8203d838]
Event: 35.596 Thread 0x0000012bfe7f6ee0 20600       3       org.jetbrains.kotlin.ir.types.IrTypePredicatesKt::isKotlinResult (25 bytes)
Event: 35.597 Thread 0x0000012bfe7f6ee0 nmethod 20600 0x0000012b80ad0c90 code [0x0000012b80ad0ee0, 0x0000012b80ad15e8]
Event: 35.597 Thread 0x0000012bfe7f6ee0 20603       3       org.jetbrains.kotlin.ir.declarations.impl.IrVariableImpl::getParent (37 bytes)
Event: 35.598 Thread 0x0000012bfe7f6ee0 nmethod 20603 0x0000012b801aa110 code [0x0000012b801aa360, 0x0000012b801aab88]
Event: 35.598 Thread 0x0000012bfe7f6ee0 20636       3       gnu.trove.TIntHash::insertionIndex (223 bytes)
Event: 35.599 Thread 0x0000012bfe7f6ee0 nmethod 20636 0x0000012b81c8b990 code [0x0000012b81c8bc00, 0x0000012b81c8ca68]
Event: 35.600 Thread 0x0000012bfe7f6ee0 20621       3       org.jetbrains.kotlin.codegen.inline.SMAP$findRange$index$1::invoke (34 bytes)

GC Heap History (20 events):
Event: 24.246 GC heap after
{Heap after GC invocations=28 (full 0):
 garbage-first heap   total 165888K, used 88249K [0x0000000085c00000, 0x0000000100000000)
  region size 1024K, 4 young (4096K), 4 survivors (4096K)
 Metaspace       used 61823K, committed 62144K, reserved 1114112K
  class space    used 7014K, committed 7168K, reserved 1048576K
}
Event: 25.161 GC heap before
{Heap before GC invocations=28 (full 0):
 garbage-first heap   total 165888K, used 135353K [0x0000000085c00000, 0x0000000100000000)
  region size 1024K, 50 young (51200K), 4 survivors (4096K)
 Metaspace       used 62415K, committed 62784K, reserved 1114112K
  class space    used 7056K, committed 7232K, reserved 1048576K
}
Event: 25.170 GC heap after
{Heap after GC invocations=29 (full 0):
 garbage-first heap   total 165888K, used 89882K [0x0000000085c00000, 0x0000000100000000)
  region size 1024K, 5 young (5120K), 5 survivors (5120K)
 Metaspace       used 62415K, committed 62784K, reserved 1114112K
  class space    used 7056K, committed 7232K, reserved 1048576K
}
Event: 26.803 GC heap before
{Heap before GC invocations=30 (full 0):
 garbage-first heap   total 165888K, used 136986K [0x0000000085c00000, 0x0000000100000000)
  region size 1024K, 51 young (52224K), 5 survivors (5120K)
 Metaspace       used 68033K, committed 68416K, reserved 1114112K
  class space    used 7589K, committed 7744K, reserved 1048576K
}
Event: 26.814 GC heap after
{Heap after GC invocations=31 (full 0):
 garbage-first heap   total 165888K, used 91877K [0x0000000085c00000, 0x0000000100000000)
  region size 1024K, 4 young (4096K), 4 survivors (4096K)
 Metaspace       used 68033K, committed 68416K, reserved 1114112K
  class space    used 7589K, committed 7744K, reserved 1048576K
}
Event: 27.099 GC heap before
{Heap before GC invocations=31 (full 0):
 garbage-first heap   total 165888K, used 95973K [0x0000000085c00000, 0x0000000100000000)
  region size 1024K, 8 young (8192K), 4 survivors (4096K)
 Metaspace       used 68443K, committed 68800K, reserved 1114112K
  class space    used 7630K, committed 7808K, reserved 1048576K
}
Event: 27.110 GC heap after
{Heap after GC invocations=32 (full 0):
 garbage-first heap   total 165888K, used 91687K [0x0000000085c00000, 0x0000000100000000)
  region size 1024K, 1 young (1024K), 1 survivors (1024K)
 Metaspace       used 68443K, committed 68800K, reserved 1114112K
  class space    used 7630K, committed 7808K, reserved 1048576K
}
Event: 29.877 GC heap before
{Heap before GC invocations=32 (full 0):
 garbage-first heap   total 165888K, used 137767K [0x0000000085c00000, 0x0000000100000000)
  region size 1024K, 46 young (47104K), 1 survivors (1024K)
 Metaspace       used 69607K, committed 69952K, reserved 1114112K
  class space    used 7704K, committed 7872K, reserved 1048576K
}
Event: 29.894 GC heap after
{Heap after GC invocations=33 (full 0):
 garbage-first heap   total 165888K, used 101134K [0x0000000085c00000, 0x0000000100000000)
  region size 1024K, 6 young (6144K), 6 survivors (6144K)
 Metaspace       used 69607K, committed 69952K, reserved 1114112K
  class space    used 7704K, committed 7872K, reserved 1048576K
}
Event: 31.395 GC heap before
{Heap before GC invocations=34 (full 0):
 garbage-first heap   total 176128K, used 133902K [0x0000000085c00000, 0x0000000100000000)
  region size 1024K, 38 young (38912K), 6 survivors (6144K)
 Metaspace       used 75696K, committed 76096K, reserved 1179648K
  class space    used 8388K, committed 8576K, reserved 1048576K
}
Event: 31.406 GC heap after
{Heap after GC invocations=35 (full 0):
 garbage-first heap   total 176128K, used 103555K [0x0000000085c00000, 0x0000000100000000)
  region size 1024K, 2 young (2048K), 2 survivors (2048K)
 Metaspace       used 75696K, committed 76096K, reserved 1179648K
  class space    used 8388K, committed 8576K, reserved 1048576K
}
Event: 31.664 GC heap before
{Heap before GC invocations=35 (full 0):
 garbage-first heap   total 176128K, used 108675K [0x0000000085c00000, 0x0000000100000000)
  region size 1024K, 8 young (8192K), 2 survivors (2048K)
 Metaspace       used 77188K, committed 77504K, reserved 1179648K
  class space    used 8541K, committed 8704K, reserved 1048576K
}
Event: 31.670 GC heap after
{Heap after GC invocations=36 (full 0):
 garbage-first heap   total 176128K, used 104028K [0x0000000085c00000, 0x0000000100000000)
  region size 1024K, 1 young (1024K), 1 survivors (1024K)
 Metaspace       used 77188K, committed 77504K, reserved 1179648K
  class space    used 8541K, committed 8704K, reserved 1048576K
}
Event: 33.016 GC heap before
{Heap before GC invocations=36 (full 0):
 garbage-first heap   total 176128K, used 144988K [0x0000000085c00000, 0x0000000100000000)
  region size 1024K, 41 young (41984K), 1 survivors (1024K)
 Metaspace       used 79668K, committed 80000K, reserved 1179648K
  class space    used 8726K, committed 8896K, reserved 1048576K
}
Event: 33.024 GC heap after
{Heap after GC invocations=37 (full 0):
 garbage-first heap   total 176128K, used 105371K [0x0000000085c00000, 0x0000000100000000)
  region size 1024K, 3 young (3072K), 3 survivors (3072K)
 Metaspace       used 79668K, committed 80000K, reserved 1179648K
  class space    used 8726K, committed 8896K, reserved 1048576K
}
Event: 33.809 GC heap before
{Heap before GC invocations=38 (full 0):
 garbage-first heap   total 183296K, used 143259K [0x0000000085c00000, 0x0000000100000000)
  region size 1024K, 42 young (43008K), 3 survivors (3072K)
 Metaspace       used 79972K, committed 80320K, reserved 1179648K
  class space    used 8726K, committed 8896K, reserved 1048576K
}
Event: 33.818 GC heap after
{Heap after GC invocations=39 (full 0):
 garbage-first heap   total 183296K, used 106919K [0x0000000085c00000, 0x0000000100000000)
  region size 1024K, 6 young (6144K), 6 survivors (6144K)
 Metaspace       used 79972K, committed 80320K, reserved 1179648K
  class space    used 8726K, committed 8896K, reserved 1048576K
}
Event: 33.885 GC heap before
{Heap before GC invocations=39 (full 0):
 garbage-first heap   total 183296K, used 108967K [0x0000000085c00000, 0x0000000100000000)
  region size 1024K, 8 young (8192K), 6 survivors (6144K)
 Metaspace       used 79988K, committed 80320K, reserved 1179648K
  class space    used 8726K, committed 8896K, reserved 1048576K
}
Event: 33.897 GC heap after
{Heap after GC invocations=40 (full 0):
 garbage-first heap   total 183296K, used 100572K [0x0000000085c00000, 0x0000000100000000)
  region size 1024K, 1 young (1024K), 1 survivors (1024K)
 Metaspace       used 79988K, committed 80320K, reserved 1179648K
  class space    used 8726K, committed 8896K, reserved 1048576K
}
Event: 35.600 GC heap before
{Heap before GC invocations=40 (full 0):
 garbage-first heap   total 183296K, used 152796K [0x0000000085c00000, 0x0000000100000000)
  region size 1024K, 51 young (52224K), 1 survivors (1024K)
 Metaspace       used 84396K, committed 84736K, reserved 1179648K
  class space    used 9063K, committed 9216K, reserved 1048576K
}

Dll operation events (7 events):
Event: 0.010 Loaded shared library C:\Program Files\Microsoft\jdk-17.0.8.7-hotspot\bin\java.dll
Event: 0.036 Loaded shared library C:\Program Files\Microsoft\jdk-17.0.8.7-hotspot\bin\jsvml.dll
Event: 0.081 Loaded shared library C:\Program Files\Microsoft\jdk-17.0.8.7-hotspot\bin\net.dll
Event: 0.083 Loaded shared library C:\Program Files\Microsoft\jdk-17.0.8.7-hotspot\bin\nio.dll
Event: 0.119 Loaded shared library C:\Program Files\Microsoft\jdk-17.0.8.7-hotspot\bin\zip.dll
Event: 0.190 Loaded shared library C:\Program Files\Microsoft\jdk-17.0.8.7-hotspot\bin\jimage.dll
Event: 1.751 Loaded shared library C:\Program Files\Microsoft\jdk-17.0.8.7-hotspot\bin\verify.dll

Deoptimization events (20 events):
Event: 35.194 Thread 0x0000012bf1f74d20 DEOPT PACKING pc=0x0000012b88077fa8 sp=0x0000002660dfdb50
Event: 35.194 Thread 0x0000012bf1f74d20 DEOPT UNPACKING pc=0x0000012b875869a3 sp=0x0000002660dfdb08 mode 2
Event: 35.480 Thread 0x0000012bf1f74d20 Uncommon trap: trap_request=0xffffffde fr.pc=0x0000012b8827c08c relative=0x000000000000072c
Event: 35.480 Thread 0x0000012bf1f74d20 Uncommon trap: reason=class_check action=maybe_recompile pc=0x0000012b8827c08c method=org.jetbrains.kotlin.codegen.optimization.common.FastMethodAnalyzer.mergeControlFlowEdge(ILorg/jetbrains/org/objectweb/asm/tree/analysis/Frame;Z)V @ 103 c2
Event: 35.480 Thread 0x0000012bf1f74d20 DEOPT PACKING pc=0x0000012b8827c08c sp=0x0000002660dfdef0
Event: 35.480 Thread 0x0000012bf1f74d20 DEOPT UNPACKING pc=0x0000012b875869a3 sp=0x0000002660dfde78 mode 2
Event: 35.480 Thread 0x0000012bf1f74d20 Uncommon trap: trap_request=0xffffffde fr.pc=0x0000012b8827c08c relative=0x000000000000072c
Event: 35.480 Thread 0x0000012bf1f74d20 Uncommon trap: reason=class_check action=maybe_recompile pc=0x0000012b8827c08c method=org.jetbrains.kotlin.codegen.optimization.common.FastMethodAnalyzer.mergeControlFlowEdge(ILorg/jetbrains/org/objectweb/asm/tree/analysis/Frame;Z)V @ 103 c2
Event: 35.480 Thread 0x0000012bf1f74d20 DEOPT PACKING pc=0x0000012b8827c08c sp=0x0000002660dfdef0
Event: 35.480 Thread 0x0000012bf1f74d20 DEOPT UNPACKING pc=0x0000012b875869a3 sp=0x0000002660dfde78 mode 2
Event: 35.533 Thread 0x0000012bf1f74d20 Uncommon trap: trap_request=0xffffff45 fr.pc=0x0000012b8812b93c relative=0x000000000000069c
Event: 35.533 Thread 0x0000012bf1f74d20 Uncommon trap: reason=unstable_if action=reinterpret pc=0x0000012b8812b93c method=org.jetbrains.org.objectweb.asm.tree.analysis.Frame.execute(Lorg/jetbrains/org/objectweb/asm/tree/AbstractInsnNode;Lorg/jetbrains/org/objectweb/asm/tree/analysis/Interpreter
Event: 35.534 Thread 0x0000012bf1f74d20 DEOPT PACKING pc=0x0000012b8812b93c sp=0x0000002660dfdcc0
Event: 35.534 Thread 0x0000012bf1f74d20 DEOPT UNPACKING pc=0x0000012b875869a3 sp=0x0000002660dfdc60 mode 2
Event: 35.561 Thread 0x0000012bf1f74d20 DEOPT PACKING pc=0x0000012b807caba7 sp=0x0000002660dfd2b0
Event: 35.561 Thread 0x0000012bf1f74d20 DEOPT UNPACKING pc=0x0000012b87587143 sp=0x0000002660dfc778 mode 0
Event: 35.596 Thread 0x0000012bf1f74d20 Uncommon trap: trap_request=0xffffff45 fr.pc=0x0000012b87d59bb0 relative=0x0000000000000290
Event: 35.596 Thread 0x0000012bf1f74d20 Uncommon trap: reason=unstable_if action=reinterpret pc=0x0000012b87d59bb0 method=gnu.trove.TObjectHash.index(Ljava/lang/Object;)I @ 54 c2
Event: 35.596 Thread 0x0000012bf1f74d20 DEOPT PACKING pc=0x0000012b87d59bb0 sp=0x0000002660dfde20
Event: 35.597 Thread 0x0000012bf1f74d20 DEOPT UNPACKING pc=0x0000012b875869a3 sp=0x0000002660dfdd98 mode 2

Classes unloaded (0 events):
No events

Classes redefined (0 events):
No events

Internal exceptions (20 events):
Event: 12.483 Thread 0x0000012bf1f74d20 Exception <a 'java/lang/NoSuchMethodError'{0x000000008ce79290}: 'java.lang.Object java.lang.invoke.DirectMethodHandle$Holder.newInvokeSpecial(java.lang.Object, java.lang.Object, java.lang.Object, java.lang.Object, java.lang.Object, java.lang.Object, java.lang.Object)'> (0x000000008ce79290) 
thrown [s\src\hotspot\share\interpreter\linkResolver.cpp, line 759]
Event: 12.483 Thread 0x0000012bf1f74d20 Exception <a 'java/lang/NoSuchMethodError'{0x000000008ce7de48}: 'java.lang.Object java.lang.invoke.Invokers$Holder.linkToTargetMethod(java.lang.Object, java.lang.Object, java.lang.Object, java.lang.Object, java.lang.Object, java.lang.Object, java.lang.Object)'> (0x000000008ce7de48) 
thrown [s\src\hotspot\share\interpreter\linkResolver.cpp, line 759]
Event: 12.743 Thread 0x0000012bf1f74d20 Implicit null exception at 0x0000012b87ba9dc0 to 0x0000012b87baae48
Event: 13.574 Thread 0x0000012bf1f74d20 Implicit null exception at 0x0000012b87aec3f2 to 0x0000012b87aeca0c
Event: 13.601 Thread 0x0000012bf1f74d20 Implicit null exception at 0x0000012b87aed472 to 0x0000012b87aeda8c
Event: 13.758 Thread 0x0000012bf1f74d20 Implicit null exception at 0x0000012b87de0a4a to 0x0000012b87de488c
Event: 13.857 Thread 0x0000012bf1f74d20 Implicit null exception at 0x0000012b87e1e1ed to 0x0000012b87e1eb80
Event: 14.840 Thread 0x0000012bf1f74d20 Implicit null exception at 0x0000012b87de1fac to 0x0000012b87de2078
Event: 15.667 Thread 0x0000012bf1f74d20 Exception <a 'java/lang/NoSuchMethodError'{0x000000008cde4f38}: 'void java.lang.invoke.DirectMethodHandle$Holder.invokeStatic(java.lang.Object, java.lang.Object, java.lang.Object)'> (0x000000008cde4f38) 
thrown [s\src\hotspot\share\interpreter\linkResolver.cpp, line 759]
Event: 23.874 Thread 0x0000012bf1f74d20 Implicit null exception at 0x0000012b880ede20 to 0x0000012b880ee024
Event: 26.060 Thread 0x0000012bf1f74d20 Exception <a 'java/lang/NoSuchMethodError'{0x000000008e2dac08}: 'java.lang.Object java.lang.invoke.DirectMethodHandle$Holder.invokeStaticInit(java.lang.Object, java.lang.Object, java.lang.Object, java.lang.Object)'> (0x000000008e2dac08) 
thrown [s\src\hotspot\share\interpreter\linkResolver.cpp, line 759]
Event: 26.624 Thread 0x0000012bf1f74d20 Exception <a 'java/lang/NoSuchMethodError'{0x000000008d26f930}: 'java.lang.Object java.lang.invoke.DirectMethodHandle$Holder.newInvokeSpecial(java.lang.Object, java.lang.Object, java.lang.Object, int, int)'> (0x000000008d26f930) 
thrown [s\src\hotspot\share\interpreter\linkResolver.cpp, line 759]
Event: 26.625 Thread 0x0000012bf1f74d20 Exception <a 'java/lang/NoSuchMethodError'{0x000000008d273770}: 'java.lang.Object java.lang.invoke.DirectMethodHandle$Holder.invokeSpecial(java.lang.Object, java.lang.Object, java.lang.Object, java.lang.Object, int, int)'> (0x000000008d273770) 
thrown [s\src\hotspot\share\interpreter\linkResolver.cpp, line 759]
Event: 26.727 Thread 0x0000012bf1f74d20 Implicit null exception at 0x0000012b87b3bbef to 0x0000012b87b3be44
Event: 26.832 Thread 0x0000012bf1f74d20 Exception <a 'java/lang/NoSuchMethodError'{0x000000008fd61538}: 'java.lang.Object java.lang.invoke.DirectMethodHandle$Holder.invokeSpecial(java.lang.Object, java.lang.Object, int, int, java.lang.Object, java.lang.Object, java.lang.Object, java.lang.Object, java.lang.Object)'> (0x000000008fd61538) 
thrown [s\src\hotspot\share\interpreter\linkResolver.cpp, line 759]
Event: 26.895 Thread 0x0000012bf1f74d20 Exception <a 'java/lang/NoSuchMethodError'{0x000000008fc68ae8}: 'java.lang.Object java.lang.invoke.DirectMethodHandle$Holder.newInvokeSpecial(java.lang.Object, java.lang.Object, int, int, java.lang.Object, java.lang.Object, java.lang.Object)'> (0x000000008fc68ae8) 
thrown [s\src\hotspot\share\interpreter\linkResolver.cpp, line 759]
Event: 26.895 Thread 0x0000012bf1f74d20 Exception <a 'java/lang/NoSuchMethodError'{0x000000008fc6d180}: 'java.lang.Object java.lang.invoke.DirectMethodHandle$Holder.invokeSpecial(java.lang.Object, java.lang.Object, java.lang.Object, int, int, java.lang.Object, java.lang.Object, java.lang.Object)'> (0x000000008fc6d180) 
thrown [s\src\hotspot\share\interpreter\linkResolver.cpp, line 759]
Event: 28.535 Thread 0x0000012bf1f74d20 Exception <a 'java/lang/NoSuchMethodError'{0x000000008f099ae0}: 'java.lang.Object java.lang.invoke.DirectMethodHandle$Holder.invokeStatic(java.lang.Object, java.lang.Object, java.lang.Object, int, int, java.lang.Object, java.lang.Object, java.lang.Object, java.lang.Object)'> (0x000000008f099ae0) 
thrown [s\src\hotspot\share\interpreter\linkResolver.cpp, line 759]
Event: 28.540 Thread 0x0000012bf1f74d20 Exception <a 'java/lang/NoSuchMethodError'{0x000000008f0a3da8}: 'java.lang.Object java.lang.invoke.DirectMethodHandle$Holder.newInvokeSpecial(java.lang.Object, java.lang.Object, java.lang.Object, int, int, java.lang.Object)'> (0x000000008f0a3da8) 
thrown [s\src\hotspot\share\interpreter\linkResolver.cpp, line 759]
Event: 28.551 Thread 0x0000012bf1f74d20 Exception <a 'java/lang/NoSuchMethodError'{0x000000008f0ab748}: 'java.lang.Object java.lang.invoke.Invokers$Holder.linkToTargetMethod(java.lang.Object, java.lang.Object, int, int, java.lang.Object, java.lang.Object)'> (0x000000008f0ab748) 
thrown [s\src\hotspot\share\interpreter\linkResolver.cpp, line 759]

VM Operations (20 events):
Event: 34.361 Executing VM operation: HandshakeAllThreads done
Event: 34.396 Executing VM operation: HandshakeAllThreads
Event: 34.396 Executing VM operation: HandshakeAllThreads done
Event: 34.415 Executing VM operation: HandshakeAllThreads
Event: 34.415 Executing VM operation: HandshakeAllThreads done
Event: 34.420 Executing VM operation: HandshakeAllThreads
Event: 34.420 Executing VM operation: HandshakeAllThreads done
Event: 34.973 Executing VM operation: ICBufferFull
Event: 34.974 Executing VM operation: ICBufferFull done
Event: 35.029 Executing VM operation: HandshakeAllThreads
Event: 35.029 Executing VM operation: HandshakeAllThreads done
Event: 35.080 Executing VM operation: ICBufferFull
Event: 35.080 Executing VM operation: ICBufferFull done
Event: 35.327 Executing VM operation: HandshakeAllThreads
Event: 35.327 Executing VM operation: HandshakeAllThreads done
Event: 35.457 Executing VM operation: HandshakeAllThreads
Event: 35.457 Executing VM operation: HandshakeAllThreads done
Event: 35.471 Executing VM operation: ICBufferFull
Event: 35.472 Executing VM operation: ICBufferFull done
Event: 35.600 Executing VM operation: G1CollectForAllocation

Events (20 events):
Event: 35.517 Thread 0x0000012bfe7fe0a0 flushing nmethod 0x0000012b82709390
Event: 35.517 Thread 0x0000012bfe7fe0a0 flushing nmethod 0x0000012b8270aa90
Event: 35.517 Thread 0x0000012bfe7fe0a0 flushing nmethod 0x0000012b8270d690
Event: 35.517 Thread 0x0000012bfe7fe0a0 flushing nmethod 0x0000012b82711290
Event: 35.517 Thread 0x0000012bfe7fe0a0 flushing nmethod 0x0000012b82714d10
Event: 35.517 Thread 0x0000012bfe7fe0a0 flushing nmethod 0x0000012b82716f90
Event: 35.517 Thread 0x0000012bfe7fe0a0 flushing nmethod 0x0000012b82718090
Event: 35.517 Thread 0x0000012bfe7fe0a0 flushing nmethod 0x0000012b82718f10
Event: 35.517 Thread 0x0000012bfe7fe0a0 flushing nmethod 0x0000012b82719d90
Event: 35.517 Thread 0x0000012bfe7fe0a0 flushing nmethod 0x0000012b8271b210
Event: 35.517 Thread 0x0000012bfe7fe0a0 flushing nmethod 0x0000012b8271fa10
Event: 35.517 Thread 0x0000012bfe7fe0a0 flushing nmethod 0x0000012b82720890
Event: 35.517 Thread 0x0000012bfe7fe0a0 flushing nmethod 0x0000012b82720f90
Event: 35.518 Thread 0x0000012bfe7fe0a0 flushing nmethod 0x0000012b82729d90
Event: 35.518 Thread 0x0000012bfe7fe0a0 flushing nmethod 0x0000012b8272d110
Event: 35.518 Thread 0x0000012bfe7fe0a0 flushing nmethod 0x0000012b82731090
Event: 35.518 Thread 0x0000012bfe7fe0a0 flushing nmethod 0x0000012b82731a90
Event: 35.518 Thread 0x0000012bfe7fe0a0 flushing nmethod 0x0000012b827e4690
Event: 35.518 Thread 0x0000012bfe7fe0a0 flushing nmethod 0x0000012b827ee510
Event: 35.519 Thread 0x0000012bfe7fe0a0 flushing nmethod 0x0000012b82830690


Dynamic libraries:
0x00007ff71d810000 - 0x00007ff71d81e000 	C:\Program Files\Microsoft\jdk-17.0.8.7-hotspot\bin\java.exe
0x00007ffed22d0000 - 0x00007ffed24c8000 	C:\Windows\SYSTEM32\ntdll.dll
0x00007ffed0e70000 - 0x00007ffed0f2d000 	C:\Windows\System32\KERNEL32.DLL
0x00007ffecfbb0000 - 0x00007ffecfea6000 	C:\Windows\System32\KERNELBASE.dll
0x00007ffed0210000 - 0x00007ffed0310000 	C:\Windows\System32\ucrtbase.dll
0x00007ffeaeea0000 - 0x00007ffeaeebb000 	C:\Program Files\Microsoft\jdk-17.0.8.7-hotspot\bin\VCRUNTIME140.dll
0x00007ffe40720000 - 0x00007ffe40737000 	C:\Program Files\Microsoft\jdk-17.0.8.7-hotspot\bin\jli.dll
0x00007ffed1710000 - 0x00007ffed18ae000 	C:\Windows\System32\USER32.dll
0x00007ffeb97c0000 - 0x00007ffeb9a5a000 	C:\Windows\WinSxS\amd64_microsoft.windows.common-controls_6595b64144ccf1df_6.0.19041.3636_none_60b6a03d71f818d5\COMCTL32.dll
0x00007ffecfa00000 - 0x00007ffecfa22000 	C:\Windows\System32\win32u.dll
0x00007ffed1260000 - 0x00007ffed12fe000 	C:\Windows\System32\msvcrt.dll
0x00007ffed1060000 - 0x00007ffed108b000 	C:\Windows\System32\GDI32.dll
0x00007ffed00c0000 - 0x00007ffed01d7000 	C:\Windows\System32\gdi32full.dll
0x00007ffecfb10000 - 0x00007ffecfbad000 	C:\Windows\System32\msvcp_win.dll
0x00007ffed1600000 - 0x00007ffed1632000 	C:\Windows\System32\IMM32.DLL
0x00007ffeae260000 - 0x00007ffeae26c000 	C:\Program Files\Microsoft\jdk-17.0.8.7-hotspot\bin\vcruntime140_1.dll
0x00007ffeaeec0000 - 0x00007ffeaef4d000 	C:\Program Files\Microsoft\jdk-17.0.8.7-hotspot\bin\msvcp140.dll
0x00007ffe3fab0000 - 0x00007ffe40715000 	C:\Program Files\Microsoft\jdk-17.0.8.7-hotspot\bin\server\jvm.dll
0x00007ffed18b0000 - 0x00007ffed1963000 	C:\Windows\System32\ADVAPI32.dll
0x00007ffed1090000 - 0x00007ffed112f000 	C:\Windows\System32\sechost.dll
0x00007ffed0f30000 - 0x00007ffed1056000 	C:\Windows\System32\RPCRT4.dll
0x00007ffed01e0000 - 0x00007ffed0207000 	C:\Windows\System32\bcrypt.dll
0x00007ffecf7f0000 - 0x00007ffecf83b000 	C:\Windows\SYSTEM32\POWRPROF.dll
0x00007ffe6dd90000 - 0x00007ffe6dd99000 	C:\Windows\SYSTEM32\WSOCK32.dll
0x00007ffec90b0000 - 0x00007ffec90ba000 	C:\Windows\SYSTEM32\VERSION.dll
0x00007ffed1ac0000 - 0x00007ffed1b2b000 	C:\Windows\System32\WS2_32.dll
0x00007ffeb8ad0000 - 0x00007ffeb8af7000 	C:\Windows\SYSTEM32\WINMM.dll
0x00007ffecf7d0000 - 0x00007ffecf7e2000 	C:\Windows\SYSTEM32\UMPDC.dll
0x00007ffece190000 - 0x00007ffece1a2000 	C:\Windows\SYSTEM32\kernel.appcore.dll
0x00007ffe7fbc0000 - 0x00007ffe7fbca000 	C:\Program Files\Microsoft\jdk-17.0.8.7-hotspot\bin\jimage.dll
0x00007ffeccec0000 - 0x00007ffecd0a4000 	C:\Windows\SYSTEM32\DBGHELP.DLL
0x00007ffec57c0000 - 0x00007ffec57f4000 	C:\Windows\SYSTEM32\dbgcore.DLL
0x00007ffecfa80000 - 0x00007ffecfb02000 	C:\Windows\System32\bcryptPrimitives.dll
0x00007ffe7fb90000 - 0x00007ffe7fbb5000 	C:\Program Files\Microsoft\jdk-17.0.8.7-hotspot\bin\java.dll
0x00007ffe7fab0000 - 0x00007ffe7fb87000 	C:\Program Files\Microsoft\jdk-17.0.8.7-hotspot\bin\jsvml.dll
0x00007ffed1b40000 - 0x00007ffed2285000 	C:\Windows\System32\SHELL32.dll
0x00007ffecd9b0000 - 0x00007ffece14c000 	C:\Windows\SYSTEM32\windows.storage.dll
0x00007ffed0b10000 - 0x00007ffed0e64000 	C:\Windows\System32\combase.dll
0x00007ffecf210000 - 0x00007ffecf23e000 	C:\Windows\SYSTEM32\Wldp.dll
0x00007ffed1640000 - 0x00007ffed170d000 	C:\Windows\System32\OLEAUT32.dll
0x00007ffed11b0000 - 0x00007ffed125d000 	C:\Windows\System32\SHCORE.dll
0x00007ffed0930000 - 0x00007ffed0985000 	C:\Windows\System32\shlwapi.dll
0x00007ffecf8c0000 - 0x00007ffecf8e5000 	C:\Windows\SYSTEM32\profapi.dll
0x00007ffe80030000 - 0x00007ffe80049000 	C:\Program Files\Microsoft\jdk-17.0.8.7-hotspot\bin\net.dll
0x00007ffec6810000 - 0x00007ffec691a000 	C:\Windows\SYSTEM32\WINHTTP.dll
0x00007ffeceff0000 - 0x00007ffecf05a000 	C:\Windows\system32\mswsock.dll
0x00007ffe80010000 - 0x00007ffe80026000 	C:\Program Files\Microsoft\jdk-17.0.8.7-hotspot\bin\nio.dll
0x00007ffe7f9c0000 - 0x00007ffe7f9d8000 	C:\Program Files\Microsoft\jdk-17.0.8.7-hotspot\bin\zip.dll
0x00007ffecc420000 - 0x00007ffecc430000 	C:\Program Files\Microsoft\jdk-17.0.8.7-hotspot\bin\verify.dll

dbghelp: loaded successfully - version: 4.0.5 - missing functions: none
symbol engine: initialized successfully - sym options: 0x614 - pdb path: .;C:\Program Files\Microsoft\jdk-17.0.8.7-hotspot\bin;C:\Windows\SYSTEM32;C:\Windows\WinSxS\amd64_microsoft.windows.common-controls_6595b64144ccf1df_6.0.19041.3636_none_60b6a03d71f818d5;C:\Program Files\Microsoft\jdk-17.0.8.7-hotspot\bin\server

VM Arguments:
java_command: org.jetbrains.kotlin.cli.jvm.K2JVMCompiler @D:\react checking\Foodapp\node_modules\react-native-gesture-handler\android\build\20240226_4269345656553352198.compiler.options
java_class_path (initial): C:\Users\dell\.gradle\caches\modules-2\files-2.1\org.jetbrains.kotlin\kotlin-compiler-embeddable\1.8.0\eb9118d4bcceaa2a94b2ae2a33a4ddba7c9a947f\kotlin-compiler-embeddable-1.8.0.jar;C:\Users\dell\.gradle\caches\modules-2\files-2.1\org.jetbrains.kotlin\kotlin-stdlib\1.8.0\1796921c7a3e2e2665a83e6c8d33399336cd39bc\kotlin-stdlib-1.8.0.jar;C:\Users\dell\.gradle\caches\modules-2\files-2.1\org.jetbrains.kotlin\kotlin-script-runtime\1.8.0\b2f7e760d283cb339974851c222a4c1d48f2d3d\kotlin-script-runtime-1.8.0.jar;C:\Users\dell\.gradle\caches\modules-2\files-2.1\org.jetbrains.kotlin\kotlin-reflect\1.6.10\1cbe9c92c12a94eea200d23c2bbaedaf3daf5132\kotlin-reflect-1.6.10.jar;C:\Users\dell\.gradle\caches\modules-2\files-2.1\org.jetbrains.kotlin\kotlin-daemon-embeddable\1.8.0\d255216c551685dc3a7e852b53617f5f01aaaa5c\kotlin-daemon-embeddable-1.8.0.jar;C:\Users\dell\.gradle\caches\modules-2\files-2.1\org.jetbrains.intellij.deps\trove4j\1.0.20200330\3afb14d5f9ceb459d724e907a21145e8ff394f02\trove4j-1.0.20200330.jar;C:\Users\dell\.gradle\caches\modules-2\files-2.1\net.java.dev.jna\jna\5.6.0\330f2244e9030119ab3030fc3fededc86713d9cc\jna-5.6.0.jar;C:\Users\dell\.gradle\caches\modules-2\files-2.1\org.jetbrains.kotlin\kotlin-stdlib-common\1.8.0\f7197e7cc76453ac59f8b0f8d5137cc600becd36\kotlin-stdlib-common-1.8.0.jar;C:\Users\dell\.gradle\caches\modules-2\files-2.1\org.jetbrains\annotations\13.0\919f0dfe192fb4e063e7dacadee7f8bb9a2672a9\annotations-13.0.jar
Launcher Type: SUN_STANDARD

[Global flags]
     intx CICompilerCount                          = 3                                         {product} {ergonomic}
     uint ConcGCThreads                            = 1                                         {product} {ergonomic}
     uint G1ConcRefinementThreads                  = 4                                         {product} {ergonomic}
   size_t G1HeapRegionSize                         = 1048576                                   {product} {ergonomic}
    uintx GCDrainStackTargetSize                   = 64                                        {product} {ergonomic}
   size_t InitialHeapSize                          = 130023424                                 {product} {ergonomic}
   size_t MarkStackSize                            = 4194304                                   {product} {ergonomic}
   size_t MaxHeapSize                              = 2051014656                                {product} {ergonomic}
   size_t MaxNewSize                               = 1229979648                                {product} {ergonomic}
   size_t MinHeapDeltaBytes                        = 1048576                                   {product} {ergonomic}
   size_t MinHeapSize                              = 8388608                                   {product} {ergonomic}
    uintx NonNMethodCodeHeapSize                   = 5832780                                {pd product} {ergonomic}
    uintx NonProfiledCodeHeapSize                  = 122912730                              {pd product} {ergonomic}
    uintx ProfiledCodeHeapSize                     = 122912730                              {pd product} {ergonomic}
    uintx ReservedCodeCacheSize                    = 251658240                              {pd product} {ergonomic}
     bool SegmentedCodeCache                       = true                                      {product} {ergonomic}
   size_t SoftMaxHeapSize                          = 2051014656                             {manageable} {ergonomic}
     bool UseCompressedClassPointers               = true                           {product lp64_product} {ergonomic}
     bool UseCompressedOops                        = true                           {product lp64_product} {ergonomic}
     bool UseG1GC                                  = true                                      {product} {ergonomic}
     bool UseLargePagesIndividualAllocation        = false                                  {pd product} {ergonomic}

Logging:
Log output configuration:
 #0: stdout all=warning uptime,level,tags
 #1: stderr all=off uptime,level,tags

Environment Variables:
JAVA_HOME=C:\Program Files\Microsoft\jdk-17.0.8.7-hotspot\
CLASSPATH=D:\react checking\Foodapp\android\\gradle\wrapper\gradle-wrapper.jar
PATH=D:\react checking\Foodapp\node_modules\.bin;D:\react checking\Foodapp\node_modules\.bin;D:\react checking\node_modules\.bin;D:\node_modules\.bin;C:\Users\dell\AppData\Roaming\npm\node_modules\npm\node_modules\@npmcli\run-script\lib\node-gyp-bin;D:\react checking\Foodapp\node_modules\.bin;D:\react checking\node_modules\.bin;D:\node_modules\.bin;C:\Users\dell\AppData\Roaming\npm\node_modules\npm\node_modules\@npmcli\run-script\lib\node-gyp-bin;C:\Program Files\Microsoft\jdk-17.0.8.7-hotspot\bin;C:\Program Files\Common Files\Oracle\Java\javapath;C:\Windows\system32;C:\Windows;C:\Windows\System32\Wbem;C:\Windows\System32\WindowsPowerShell\v1.0\;C:\Windows\System32\OpenSSH\;C:\Program Files\Java\jdk-16.0.2\bin;C:\Program Files\Microsoft SQL Server\Client SDK\ODBC\170\Tools\Binn\;C:\Program Files (x86)\Microsoft SQL Server\150\Tools\Binn\;C:\Program Files\Microsoft SQL Server\150\Tools\Binn\;C:\Program Files\Microsoft SQL Server\150\DTS\Binn\;C:\Program Files\Azure Data Studio\bin;C:\Program Files\MongoDB\Server\6.0\bin;C:\Users\dell\Downloads\mongosh-1.8.1-win32-x64\mongosh-1.8.1\bin;C:\ProgramData\chocolatey\bin;C:\Program Files\Java\jdk-16.0.2;C:\Users\dell\AppData\Local\Android\Sdk;C:\Users\dell\AppData\Local\Android\Sdk\platform-tools;C:\Program Files\nodejs\;C:\Users\dell\AppData\Local\Android\Sdk\platform-tools;C:\Program Files\Git\cmd;C:\Users\dell\AppData\Local\Android\Sdk\tools;C:\Users\dell\AppData\Local\Microsoft\WindowsApps;C:\Users\dell\AppData\Local\Programs\Microsoft VS Code\bin;C:\MinGW\bin;C:\Users\dell\Desktop;C:\Program Files\Azure Data Studio\bin;C:\Program Files\MongoDB\Server\6.0\bin;C:\Users\dell\AppData\Local\JetBrains\Toolbox\scripts;C:\Users\dell\AppData\Roaming\npm
USERNAME=dell
LANG=en_US.UTF-8
OS=Windows_NT
PROCESSOR_IDENTIFIER=Intel64 Family 6 Model 94 Stepping 3, GenuineIntel
TMP=C:\Users\dell\AppData\Local\Temp
TEMP=C:\Users\dell\AppData\Local\Temp



---------------  S Y S T E M  ---------------

OS:
 Windows 10 , 64 bit Build 19041 (10.0.19041.3636)
OS uptime: 0 days 11:32 hours
Hyper-V role detected

CPU: total 4 (initial active 4) (4 cores per cpu, 1 threads per core) family 6 model 94 stepping 3 microcode 0xcc, cx8, cmov, fxsr, mmx, 3dnowpref, sse, sse2, sse3, ssse3, sse4.1, sse4.2, popcnt, lzcnt, tsc, tscinvbit, avx, avx2, aes, erms, clmul, bmi1, bmi2, rtm, adx, fma, vzeroupper, clflush, clflushopt, hv
Processor Information for all 4 processors :
  Max Mhz: 2601, Current Mhz: 2601, Mhz Limit: 2601

Memory: 4k page, system-wide physical 7821M (609M free)
TotalPageFile size 11539M (AvailPageFile size 37M)
current process WorkingSet (physical memory assigned to process): 415M, peak: 433M
current process commit charge ("private bytes"): 448M, peak: 552M

vm_info: OpenJDK 64-Bit Server VM (17.0.8+7-LTS) for windows-amd64 JRE (17.0.8+7-LTS), built on Jul  7 2023 17:21:55 by "MicrosoftCorporation" with MS VC++ 16.10 / 16.11 (VS2019)

END.
