#
# There is insufficient memory for the Java Runtime Environment to continue.
# Native memory allocation (malloc) failed to allocate 32744 bytes for ChunkPool::allocate
# Possible reasons:
#   The system is out of physical RAM or swap space
#   The process is running with CompressedOops enabled, and the Java Heap may be blocking the growth of the native heap
# Possible solutions:
#   Reduce memory load on the system
#   Increase physical memory or swap space
#   Check if swap backing store is full
#   Decrease Java heap size (-Xmx/-Xms)
#   Decrease number of Java threads
#   Decrease Java thread stack sizes (-Xss)
#   Set larger code cache with -XX:ReservedCodeCacheSize=
#   JVM is running with Unscaled Compressed Oops mode in which the Java heap is
#     placed in the first 4GB address space. The Java Heap base address is the
#     maximum limit for the native heap growth. Please use -XX:HeapBaseMinAddress
#     to set the Java Heap base and to place the Java Heap above 4GB virtual address.
# This output file may be truncated or incomplete.
#
#  Out of Memory Error (arena.cpp:78), pid=8336, tid=8020
#
# JRE version: OpenJDK Runtime Environment Microsoft-8035246 (17.0.8+7) (build 17.0.8+7-LTS)
# Java VM: OpenJDK 64-Bit Server VM Microsoft-8035246 (17.0.8+7-LTS, mixed mode, sharing, tiered, compressed oops, compressed class ptrs, g1 gc, windows-amd64)
# No core dump will be written. Minidumps are not enabled by default on client versions of Windows
#

---------------  S U M M A R Y ------------

Command Line: -Xmx64m -Xms64m -Dorg.gradle.appname=gradlew org.gradle.wrapper.GradleWrapperMain clean

Host: Intel(R) Core(TM) i5-6440HQ CPU @ 2.60GHz, 4 cores, 7G,  Windows 10 , 64 bit Build 19041 (10.0.19041.3636)
Time: Mon Feb 26 15:31:03 2024 India Standard Time elapsed time: 76.139628 seconds (0d 0h 1m 16s)

---------------  T H R E A D  ---------------

Current thread (0x00000196f872fe20):  JavaThread "main" [_thread_in_vm, id=8020, stack(0x0000004486800000,0x0000004486900000)]

Stack: [0x0000004486800000,0x0000004486900000]
Native frames: (J=compiled Java code, j=interpreted, Vv=VM code, C=native code)
V  [jvm.dll+0x67bf3a]
V  [jvm.dll+0x83a024]
V  [jvm.dll+0x83b7ce]
V  [jvm.dll+0x83be33]
V  [jvm.dll+0x24785f]
V  [jvm.dll+0xac5dc]
V  [jvm.dll+0xac98c]
V  [jvm.dll+0x1ec47e]
V  [jvm.dll+0x1ece0f]
V  [jvm.dll+0x1e22c1]
V  [jvm.dll+0x542490]
V  [jvm.dll+0x7b4fbd]
V  [jvm.dll+0x7b4f1a]
V  [jvm.dll+0x411cd4]
V  [jvm.dll+0x42554c]
C  [java.dll+0x1657]

Java frames: (J=compiled Java code, j=interpreted, Vv=VM code)
j  java.lang.ClassLoader.defineClass0(Ljava/lang/ClassLoader;Ljava/lang/Class;Ljava/lang/String;[BIILjava/security/ProtectionDomain;ZILjava/lang/Object;)Ljava/lang/Class;+0 java.base@17.0.8
j  java.lang.System$2.defineClass(Ljava/lang/ClassLoader;Ljava/lang/Class;Ljava/lang/String;[BLjava/security/ProtectionDomain;ZILjava/lang/Object;)Ljava/lang/Class;+17 java.base@17.0.8
j  java.lang.invoke.MethodHandles$Lookup$ClassDefiner.defineClass(ZLjava/lang/Object;)Ljava/lang/Class;+54 java.base@17.0.8
j  java.lang.invoke.MethodHandles$Lookup$ClassDefiner.defineClassAsLookup(Z)Ljava/lang/invoke/MethodHandles$Lookup;+3 java.base@17.0.8
j  java.lang.invoke.MethodHandles$Lookup.defineHiddenClass([BZ[Ljava/lang/invoke/MethodHandles$Lookup$ClassOption;)Ljava/lang/invoke/MethodHandles$Lookup;+65 java.base@17.0.8
j  java.lang.invoke.InnerClassLambdaMetafactory.generateInnerClass()Ljava/lang/Class;+580 java.base@17.0.8
j  java.lang.invoke.InnerClassLambdaMetafactory.spinInnerClass()Ljava/lang/Class;+114 java.base@17.0.8
j  java.lang.invoke.InnerClassLambdaMetafactory.buildCallSite()Ljava/lang/invoke/CallSite;+1 java.base@17.0.8
j  java.lang.invoke.LambdaMetafactory.metafactory(Ljava/lang/invoke/MethodHandles$Lookup;Ljava/lang/String;Ljava/lang/invoke/MethodType;Ljava/lang/invoke/MethodType;Ljava/lang/invoke/MethodHandle;Ljava/lang/invoke/MethodType;)Ljava/lang/invoke/CallSite;+67 java.base@17.0.8
j  java.lang.invoke.DirectMethodHandle$Holder.invokeStatic(Ljava/lang/Object;Ljava/lang/Object;Ljava/lang/Object;Ljava/lang/Object;Ljava/lang/Object;Ljava/lang/Object;Ljava/lang/Object;)Ljava/lang/Object;+20 java.base@17.0.8
j  java.lang.invoke.Invokers$Holder.invokeExact_MT(Ljava/lang/Object;Ljava/lang/Object;Ljava/lang/Object;Ljava/lang/Object;Ljava/lang/Object;Ljava/lang/Object;Ljava/lang/Object;Ljava/lang/Object;)Ljava/lang/Object;+28 java.base@17.0.8
j  java.lang.invoke.BootstrapMethodInvoker.invoke(Ljava/lang/Class;Ljava/lang/invoke/MethodHandle;Ljava/lang/String;Ljava/lang/Object;Ljava/lang/Object;Ljava/lang/Class;)Ljava/lang/Object;+319 java.base@17.0.8
j  java.lang.invoke.CallSite.makeSite(Ljava/lang/invoke/MethodHandle;Ljava/lang/String;Ljava/lang/invoke/MethodType;Ljava/lang/Object;Ljava/lang/Class;)Ljava/lang/invoke/CallSite;+8 java.base@17.0.8
j  java.lang.invoke.MethodHandleNatives.linkCallSiteImpl(Ljava/lang/Class;Ljava/lang/invoke/MethodHandle;Ljava/lang/String;Ljava/lang/invoke/MethodType;Ljava/lang/Object;[Ljava/lang/Object;)Ljava/lang/invoke/MemberName;+6 java.base@17.0.8
j  java.lang.invoke.MethodHandleNatives.linkCallSite(Ljava/lang/Object;ILjava/lang/Object;Ljava/lang/Object;Ljava/lang/Object;Ljava/lang/Object;[Ljava/lang/Object;)Ljava/lang/invoke/MemberName;+46 java.base@17.0.8
v  ~StubRoutines::call_stub
j  org.gradle.launcher.daemon.client.DaemonClient.findCrashLogFile(Lorg/gradle/launcher/daemon/protocol/Build;Lorg/gradle/launcher/daemon/diagnostics/DaemonDiagnostics;)Ljava/util/Optional;+111
j  org.gradle.launcher.daemon.client.DaemonClient.handleDaemonDisappearance(Lorg/gradle/launcher/daemon/protocol/Build;Lorg/gradle/launcher/daemon/diagnostics/DaemonDiagnostics;)Lorg/gradle/launcher/daemon/protocol/Result;+26
j  org.gradle.launcher.daemon.client.DaemonClient.monitorBuild(Lorg/gradle/launcher/daemon/protocol/Build;Lorg/gradle/launcher/daemon/diagnostics/DaemonDiagnostics;Lorg/gradle/internal/remote/internal/Connection;Lorg/gradle/initialization/BuildCancellationToken;Lorg/gradle/initialization/BuildEventConsumer;)Ljava/lang/Object;+111
j  org.gradle.launcher.daemon.client.DaemonClient.executeBuild(Lorg/gradle/launcher/daemon/protocol/Build;Lorg/gradle/launcher/daemon/client/DaemonClientConnection;Lorg/gradle/initialization/BuildCancellationToken;Lorg/gradle/initialization/BuildEventConsumer;)Lorg/gradle/launcher/exec/BuildActionResult;+128
j  org.gradle.launcher.daemon.client.DaemonClient.execute(Lorg/gradle/internal/invocation/BuildAction;Lorg/gradle/launcher/exec/BuildActionParameters;Lorg/gradle/initialization/BuildRequestContext;)Lorg/gradle/launcher/exec/BuildActionResult;+272
j  org.gradle.launcher.daemon.client.DaemonClient.execute(Lorg/gradle/internal/invocation/BuildAction;Ljava/lang/Object;Ljava/lang/Object;)Lorg/gradle/launcher/exec/BuildActionResult;+10
j  org.gradle.launcher.cli.RunBuildAction.run()V+74
j  org.gradle.internal.Actions$RunnableActionAdapter.execute(Ljava/lang/Object;)V+4
j  org.gradle.launcher.cli.DefaultCommandLineActionFactory$ParseAndBuildAction.execute(Lorg/gradle/launcher/bootstrap/ExecutionListener;)V+60
j  org.gradle.launcher.cli.DefaultCommandLineActionFactory$ParseAndBuildAction.execute(Ljava/lang/Object;)V+5
j  org.gradle.launcher.cli.DebugLoggerWarningAction.execute(Lorg/gradle/launcher/bootstrap/ExecutionListener;)V+9
j  org.gradle.launcher.cli.DebugLoggerWarningAction.execute(Ljava/lang/Object;)V+5
j  org.gradle.launcher.cli.WelcomeMessageAction.execute(Lorg/gradle/launcher/bootstrap/ExecutionListener;)V+218
j  org.gradle.launcher.cli.WelcomeMessageAction.execute(Ljava/lang/Object;)V+5
j  org.gradle.launcher.cli.NativeServicesInitializingAction.execute(Lorg/gradle/launcher/bootstrap/ExecutionListener;)V+35
j  org.gradle.launcher.cli.NativeServicesInitializingAction.execute(Ljava/lang/Object;)V+5
j  org.gradle.launcher.cli.ExceptionReportingAction.execute(Lorg/gradle/launcher/bootstrap/ExecutionListener;)V+5
j  org.gradle.launcher.cli.ExceptionReportingAction.execute(Ljava/lang/Object;)V+5
j  org.gradle.launcher.cli.DefaultCommandLineActionFactory$WithLogging.execute(Lorg/gradle/launcher/bootstrap/ExecutionListener;)V+299
j  org.gradle.launcher.Main.doAction([Ljava/lang/String;Lorg/gradle/launcher/bootstrap/ExecutionListener;)V+14
j  org.gradle.launcher.bootstrap.EntryPoint.run([Ljava/lang/String;)V+12
v  ~StubRoutines::call_stub
j  jdk.internal.reflect.NativeMethodAccessorImpl.invoke0(Ljava/lang/reflect/Method;Ljava/lang/Object;[Ljava/lang/Object;)Ljava/lang/Object;+0 java.base@17.0.8
j  jdk.internal.reflect.NativeMethodAccessorImpl.invoke(Ljava/lang/Object;[Ljava/lang/Object;)Ljava/lang/Object;+133 java.base@17.0.8
j  jdk.internal.reflect.DelegatingMethodAccessorImpl.invoke(Ljava/lang/Object;[Ljava/lang/Object;)Ljava/lang/Object;+6 java.base@17.0.8
j  java.lang.reflect.Method.invoke(Ljava/lang/Object;[Ljava/lang/Object;)Ljava/lang/Object;+59 java.base@17.0.8
j  org.gradle.launcher.bootstrap.ProcessBootstrap.runNoExit(Ljava/lang/String;[Ljava/lang/String;)V+155
j  org.gradle.launcher.bootstrap.ProcessBootstrap.run(Ljava/lang/String;[Ljava/lang/String;)V+2
v  ~StubRoutines::call_stub
j  jdk.internal.reflect.NativeMethodAccessorImpl.invoke0(Ljava/lang/reflect/Method;Ljava/lang/Object;[Ljava/lang/Object;)Ljava/lang/Object;+0 java.base@17.0.8
j  jdk.internal.reflect.NativeMethodAccessorImpl.invoke(Ljava/lang/Object;[Ljava/lang/Object;)Ljava/lang/Object;+133 java.base@17.0.8
j  jdk.internal.reflect.DelegatingMethodAccessorImpl.invoke(Ljava/lang/Object;[Ljava/lang/Object;)Ljava/lang/Object;+6 java.base@17.0.8
j  java.lang.reflect.Method.invoke(Ljava/lang/Object;[Ljava/lang/Object;)Ljava/lang/Object;+59 java.base@17.0.8
j  org.gradle.launcher.GradleMain.main([Ljava/lang/String;)V+100
v  ~StubRoutines::call_stub
j  jdk.internal.reflect.NativeMethodAccessorImpl.invoke0(Ljava/lang/reflect/Method;Ljava/lang/Object;[Ljava/lang/Object;)Ljava/lang/Object;+0 java.base@17.0.8
j  jdk.internal.reflect.NativeMethodAccessorImpl.invoke(Ljava/lang/Object;[Ljava/lang/Object;)Ljava/lang/Object;+133 java.base@17.0.8
j  jdk.internal.reflect.DelegatingMethodAccessorImpl.invoke(Ljava/lang/Object;[Ljava/lang/Object;)Ljava/lang/Object;+6 java.base@17.0.8
j  java.lang.reflect.Method.invoke(Ljava/lang/Object;[Ljava/lang/Object;)Ljava/lang/Object;+59 java.base@17.0.8
j  org.gradle.wrapper.BootstrapMainStarter.start([Ljava/lang/String;Ljava/io/File;)V+105
j  org.gradle.wrapper.WrapperExecutor.execute([Ljava/lang/String;Lorg/gradle/wrapper/Install;Lorg/gradle/wrapper/BootstrapMainStarter;)V+14
j  org.gradle.wrapper.GradleWrapperMain.main([Ljava/lang/String;)V+206
v  ~StubRoutines::call_stub

---------------  P R O C E S S  ---------------

Threads class SMR info:
_java_thread_list=0x00000196dd30cb40, length=15, elements={
0x00000196f872fe20, 0x00000196f87c4080, 0x00000196f87c4e10, 0x00000196f87dbf10,
0x00000196f87debb0, 0x00000196f87e0490, 0x00000196f87e0d60, 0x0000019696b962c0,
0x0000019696bb6be0, 0x0000019696bb74f0, 0x00000196dc0b5870, 0x00000196dc0bc1c0,
0x00000196dd0e7100, 0x00000196dd41ed10, 0x00000196dd218ec0
}

Java Threads: ( => current thread )
=>0x00000196f872fe20 JavaThread "main" [_thread_in_vm, id=8020, stack(0x0000004486800000,0x0000004486900000)]
  0x00000196f87c4080 JavaThread "Reference Handler" daemon [_thread_blocked, id=19108, stack(0x0000004486f00000,0x0000004487000000)]
  0x00000196f87c4e10 JavaThread "Finalizer" daemon [_thread_blocked, id=14172, stack(0x0000004487000000,0x0000004487100000)]
  0x00000196f87dbf10 JavaThread "Signal Dispatcher" daemon [_thread_blocked, id=5692, stack(0x0000004487100000,0x0000004487200000)]
  0x00000196f87debb0 JavaThread "Attach Listener" daemon [_thread_blocked, id=4896, stack(0x0000004487200000,0x0000004487300000)]
  0x00000196f87e0490 JavaThread "Service Thread" daemon [_thread_blocked, id=3320, stack(0x0000004487300000,0x0000004487400000)]
  0x00000196f87e0d60 JavaThread "Monitor Deflation Thread" daemon [_thread_blocked, id=10528, stack(0x0000004487400000,0x0000004487500000)]
  0x0000019696b962c0 JavaThread "C2 CompilerThread0" daemon [_thread_blocked, id=18852, stack(0x0000004487500000,0x0000004487600000)]
  0x0000019696bb6be0 JavaThread "C1 CompilerThread0" daemon [_thread_blocked, id=17352, stack(0x0000004487600000,0x0000004487700000)]
  0x0000019696bb74f0 JavaThread "Sweeper thread" daemon [_thread_blocked, id=4128, stack(0x0000004487700000,0x0000004487800000)]
  0x00000196dc0b5870 JavaThread "Notification Thread" daemon [_thread_blocked, id=4268, stack(0x0000004487800000,0x0000004487900000)]
  0x00000196dc0bc1c0 JavaThread "Common-Cleaner" daemon [_thread_blocked, id=6028, stack(0x0000004487a00000,0x0000004487b00000)]
  0x00000196dd0e7100 JavaThread "pool-1-thread-1" [_thread_blocked, id=10688, stack(0x0000004487f00000,0x0000004488000000)]
  0x00000196dd41ed10 JavaThread "DisconnectableInputStream source reader" daemon [_thread_in_native, id=16712, stack(0x0000004488000000,0x0000004488100000)]
  0x00000196dd218ec0 JavaThread "Forward input" [_thread_blocked, id=16064, stack(0x0000004488100000,0x0000004488200000)]

Other Threads:
  0x00000196f87bcca0 VMThread "VM Thread" [stack: 0x0000004486e00000,0x0000004486f00000] [id=7440]
  0x00000196dc0b5d50 WatcherThread [stack: 0x0000004487900000,0x0000004487a00000] [id=7324]
  0x00000196f8750580 GCTaskThread "GC Thread#0" [stack: 0x0000004486900000,0x0000004486a00000] [id=18464]
  0x00000196dc385630 GCTaskThread "GC Thread#1" [stack: 0x0000004487c00000,0x0000004487d00000] [id=11936]
  0x00000196dc42c900 GCTaskThread "GC Thread#2" [stack: 0x0000004487d00000,0x0000004487e00000] [id=15696]
  0x00000196dc364d90 GCTaskThread "GC Thread#3" [stack: 0x0000004487e00000,0x0000004487f00000] [id=15380]
  0x00000196f8751cd0 ConcurrentGCThread "G1 Main Marker" [stack: 0x0000004486a00000,0x0000004486b00000] [id=2264]
  0x00000196f8752e80 ConcurrentGCThread "G1 Conc#0" [stack: 0x0000004486b00000,0x0000004486c00000] [id=10864]
  0x00000196f87a1810 ConcurrentGCThread "G1 Refine#0" [stack: 0x0000004486c00000,0x0000004486d00000] [id=13108]
  0x00000196f87a3160 ConcurrentGCThread "G1 Service" [stack: 0x0000004486d00000,0x0000004486e00000] [id=19048]

Threads with active compile tasks:

VM state: not at safepoint (normal execution)

VM Mutex/Monitor currently owned by a thread: None

Heap address: 0x00000000fc000000, size: 64 MB, Compressed Oops mode: 32-bit

CDS archive(s) mapped at: [0x0000019697000000-0x0000019697bd0000-0x0000019697bd0000), size 12386304, SharedBaseAddress: 0x0000019697000000, ArchiveRelocationMode: 1.
Compressed class space mapped at: 0x0000019698000000-0x00000196d8000000, reserved size: 1073741824
Narrow klass base: 0x0000019697000000, Narrow klass shift: 0, Narrow klass range: 0x100000000

GC Precious Log:
 CPUs: 4 total, 4 available
 Memory: 7821M
 Large Page Support: Disabled
 NUMA Support: Disabled
 Compressed Oops: Enabled (32-bit)
 Heap Region Size: 1M
 Heap Min Capacity: 64M
 Heap Initial Capacity: 64M
 Heap Max Capacity: 64M
 Pre-touch: Disabled
 Parallel Workers: 4
 Concurrent Workers: 1
 Concurrent Refinement Workers: 4
 Periodic GC: Disabled

Heap:
 garbage-first heap   total 65536K, used 28378K [0x00000000fc000000, 0x0000000100000000)
  region size 1024K, 21 young (21504K), 3 survivors (3072K)
 Metaspace       used 9767K, committed 9984K, reserved 1114112K
  class space    used 1281K, committed 1408K, reserved 1048576K

Heap Regions: E=young(eden), S=young(survivor), O=old, HS=humongous(starts), HC=humongous(continues), CS=collection set, F=free, OA=open archive, CA=closed archive, TAMS=top-at-mark-start (previous, next)
|   0|0x00000000fc000000, 0x00000000fc100000, 0x00000000fc100000|100%| O|  |TAMS 0x00000000fc000000, 0x00000000fc000000| Untracked 
|   1|0x00000000fc100000, 0x00000000fc200000, 0x00000000fc200000|100%| O|  |TAMS 0x00000000fc100000, 0x00000000fc100000| Untracked 
|   2|0x00000000fc200000, 0x00000000fc300000, 0x00000000fc300000|100%|HS|  |TAMS 0x00000000fc200000, 0x00000000fc200000| Complete 
|   3|0x00000000fc300000, 0x00000000fc400000, 0x00000000fc400000|100%|HC|  |TAMS 0x00000000fc300000, 0x00000000fc300000| Complete 
|   4|0x00000000fc400000, 0x00000000fc500000, 0x00000000fc500000|100%|HC|  |TAMS 0x00000000fc400000, 0x00000000fc400000| Complete 
|   5|0x00000000fc500000, 0x00000000fc600000, 0x00000000fc600000|100%|HC|  |TAMS 0x00000000fc500000, 0x00000000fc500000| Complete 
|   6|0x00000000fc600000, 0x00000000fc700000, 0x00000000fc700000|100%| O|  |TAMS 0x00000000fc600000, 0x00000000fc600000| Untracked 
|   7|0x00000000fc700000, 0x00000000fc7b6800, 0x00000000fc800000| 71%| O|  |TAMS 0x00000000fc700000, 0x00000000fc700000| Untracked 
|   8|0x00000000fc800000, 0x00000000fc800000, 0x00000000fc900000|  0%| F|  |TAMS 0x00000000fc800000, 0x00000000fc800000| Untracked 
|   9|0x00000000fc900000, 0x00000000fc900000, 0x00000000fca00000|  0%| F|  |TAMS 0x00000000fc900000, 0x00000000fc900000| Untracked 
|  10|0x00000000fca00000, 0x00000000fca00000, 0x00000000fcb00000|  0%| F|  |TAMS 0x00000000fca00000, 0x00000000fca00000| Untracked 
|  11|0x00000000fcb00000, 0x00000000fcb00000, 0x00000000fcc00000|  0%| F|  |TAMS 0x00000000fcb00000, 0x00000000fcb00000| Untracked 
|  12|0x00000000fcc00000, 0x00000000fcc00000, 0x00000000fcd00000|  0%| F|  |TAMS 0x00000000fcc00000, 0x00000000fcc00000| Untracked 
|  13|0x00000000fcd00000, 0x00000000fcd00000, 0x00000000fce00000|  0%| F|  |TAMS 0x00000000fcd00000, 0x00000000fcd00000| Untracked 
|  14|0x00000000fce00000, 0x00000000fce00000, 0x00000000fcf00000|  0%| F|  |TAMS 0x00000000fce00000, 0x00000000fce00000| Untracked 
|  15|0x00000000fcf00000, 0x00000000fcf00000, 0x00000000fd000000|  0%| F|  |TAMS 0x00000000fcf00000, 0x00000000fcf00000| Untracked 
|  16|0x00000000fd000000, 0x00000000fd000000, 0x00000000fd100000|  0%| F|  |TAMS 0x00000000fd000000, 0x00000000fd000000| Untracked 
|  17|0x00000000fd100000, 0x00000000fd100000, 0x00000000fd200000|  0%| F|  |TAMS 0x00000000fd100000, 0x00000000fd100000| Untracked 
|  18|0x00000000fd200000, 0x00000000fd200000, 0x00000000fd300000|  0%| F|  |TAMS 0x00000000fd200000, 0x00000000fd200000| Untracked 
|  19|0x00000000fd300000, 0x00000000fd300000, 0x00000000fd400000|  0%| F|  |TAMS 0x00000000fd300000, 0x00000000fd300000| Untracked 
|  20|0x00000000fd400000, 0x00000000fd400000, 0x00000000fd500000|  0%| F|  |TAMS 0x00000000fd400000, 0x00000000fd400000| Untracked 
|  21|0x00000000fd500000, 0x00000000fd500000, 0x00000000fd600000|  0%| F|  |TAMS 0x00000000fd500000, 0x00000000fd500000| Untracked 
|  22|0x00000000fd600000, 0x00000000fd600000, 0x00000000fd700000|  0%| F|  |TAMS 0x00000000fd600000, 0x00000000fd600000| Untracked 
|  23|0x00000000fd700000, 0x00000000fd700000, 0x00000000fd800000|  0%| F|  |TAMS 0x00000000fd700000, 0x00000000fd700000| Untracked 
|  24|0x00000000fd800000, 0x00000000fd800000, 0x00000000fd900000|  0%| F|  |TAMS 0x00000000fd800000, 0x00000000fd800000| Untracked 
|  25|0x00000000fd900000, 0x00000000fd900000, 0x00000000fda00000|  0%| F|  |TAMS 0x00000000fd900000, 0x00000000fd900000| Untracked 
|  26|0x00000000fda00000, 0x00000000fda00000, 0x00000000fdb00000|  0%| F|  |TAMS 0x00000000fda00000, 0x00000000fda00000| Untracked 
|  27|0x00000000fdb00000, 0x00000000fdb00000, 0x00000000fdc00000|  0%| F|  |TAMS 0x00000000fdb00000, 0x00000000fdb00000| Untracked 
|  28|0x00000000fdc00000, 0x00000000fdc00000, 0x00000000fdd00000|  0%| F|  |TAMS 0x00000000fdc00000, 0x00000000fdc00000| Untracked 
|  29|0x00000000fdd00000, 0x00000000fdd00000, 0x00000000fde00000|  0%| F|  |TAMS 0x00000000fdd00000, 0x00000000fdd00000| Untracked 
|  30|0x00000000fde00000, 0x00000000fde00000, 0x00000000fdf00000|  0%| F|  |TAMS 0x00000000fde00000, 0x00000000fde00000| Untracked 
|  31|0x00000000fdf00000, 0x00000000fdf00000, 0x00000000fe000000|  0%| F|  |TAMS 0x00000000fdf00000, 0x00000000fdf00000| Untracked 
|  32|0x00000000fe000000, 0x00000000fe000000, 0x00000000fe100000|  0%| F|  |TAMS 0x00000000fe000000, 0x00000000fe000000| Untracked 
|  33|0x00000000fe100000, 0x00000000fe100000, 0x00000000fe200000|  0%| F|  |TAMS 0x00000000fe100000, 0x00000000fe100000| Untracked 
|  34|0x00000000fe200000, 0x00000000fe200000, 0x00000000fe300000|  0%| F|  |TAMS 0x00000000fe200000, 0x00000000fe200000| Untracked 
|  35|0x00000000fe300000, 0x00000000fe300000, 0x00000000fe400000|  0%| F|  |TAMS 0x00000000fe300000, 0x00000000fe300000| Untracked 
|  36|0x00000000fe400000, 0x00000000fe400000, 0x00000000fe500000|  0%| F|  |TAMS 0x00000000fe400000, 0x00000000fe400000| Untracked 
|  37|0x00000000fe500000, 0x00000000fe500000, 0x00000000fe600000|  0%| F|  |TAMS 0x00000000fe500000, 0x00000000fe500000| Untracked 
|  38|0x00000000fe600000, 0x00000000fe600000, 0x00000000fe700000|  0%| F|  |TAMS 0x00000000fe600000, 0x00000000fe600000| Untracked 
|  39|0x00000000fe700000, 0x00000000fe700000, 0x00000000fe800000|  0%| F|  |TAMS 0x00000000fe700000, 0x00000000fe700000| Untracked 
|  40|0x00000000fe800000, 0x00000000fe800000, 0x00000000fe900000|  0%| F|  |TAMS 0x00000000fe800000, 0x00000000fe800000| Untracked 
|  41|0x00000000fe900000, 0x00000000fe900000, 0x00000000fea00000|  0%| F|  |TAMS 0x00000000fe900000, 0x00000000fe900000| Untracked 
|  42|0x00000000fea00000, 0x00000000fea00000, 0x00000000feb00000|  0%| F|  |TAMS 0x00000000fea00000, 0x00000000fea00000| Untracked 
|  43|0x00000000feb00000, 0x00000000fec00000, 0x00000000fec00000|100%| E|  |TAMS 0x00000000feb00000, 0x00000000feb00000| Complete 
|  44|0x00000000fec00000, 0x00000000fed00000, 0x00000000fed00000|100%| S|CS|TAMS 0x00000000fec00000, 0x00000000fec00000| Complete 
|  45|0x00000000fed00000, 0x00000000fee00000, 0x00000000fee00000|100%| S|CS|TAMS 0x00000000fed00000, 0x00000000fed00000| Complete 
|  46|0x00000000fee00000, 0x00000000fef00000, 0x00000000fef00000|100%| S|CS|TAMS 0x00000000fee00000, 0x00000000fee00000| Complete 
|  47|0x00000000fef00000, 0x00000000ff000000, 0x00000000ff000000|100%| E|CS|TAMS 0x00000000fef00000, 0x00000000fef00000| Complete 
|  48|0x00000000ff000000, 0x00000000ff100000, 0x00000000ff100000|100%| E|CS|TAMS 0x00000000ff000000, 0x00000000ff000000| Complete 
|  49|0x00000000ff100000, 0x00000000ff200000, 0x00000000ff200000|100%| E|CS|TAMS 0x00000000ff100000, 0x00000000ff100000| Complete 
|  50|0x00000000ff200000, 0x00000000ff300000, 0x00000000ff300000|100%| E|CS|TAMS 0x00000000ff200000, 0x00000000ff200000| Complete 
|  51|0x00000000ff300000, 0x00000000ff400000, 0x00000000ff400000|100%| E|CS|TAMS 0x00000000ff300000, 0x00000000ff300000| Complete 
|  52|0x00000000ff400000, 0x00000000ff500000, 0x00000000ff500000|100%| E|CS|TAMS 0x00000000ff400000, 0x00000000ff400000| Complete 
|  53|0x00000000ff500000, 0x00000000ff600000, 0x00000000ff600000|100%| E|CS|TAMS 0x00000000ff500000, 0x00000000ff500000| Complete 
|  54|0x00000000ff600000, 0x00000000ff700000, 0x00000000ff700000|100%| E|CS|TAMS 0x00000000ff600000, 0x00000000ff600000| Complete 
|  55|0x00000000ff700000, 0x00000000ff800000, 0x00000000ff800000|100%| E|CS|TAMS 0x00000000ff700000, 0x00000000ff700000| Complete 
|  56|0x00000000ff800000, 0x00000000ff900000, 0x00000000ff900000|100%| E|CS|TAMS 0x00000000ff800000, 0x00000000ff800000| Complete 
|  57|0x00000000ff900000, 0x00000000ffa00000, 0x00000000ffa00000|100%| E|CS|TAMS 0x00000000ff900000, 0x00000000ff900000| Complete 
|  58|0x00000000ffa00000, 0x00000000ffb00000, 0x00000000ffb00000|100%| E|CS|TAMS 0x00000000ffa00000, 0x00000000ffa00000| Complete 
|  59|0x00000000ffb00000, 0x00000000ffc00000, 0x00000000ffc00000|100%| E|CS|TAMS 0x00000000ffb00000, 0x00000000ffb00000| Complete 
|  60|0x00000000ffc00000, 0x00000000ffd00000, 0x00000000ffd00000|100%| E|CS|TAMS 0x00000000ffc00000, 0x00000000ffc00000| Complete 
|  61|0x00000000ffd00000, 0x00000000ffe00000, 0x00000000ffe00000|100%| E|CS|TAMS 0x00000000ffd00000, 0x00000000ffd00000| Complete 
|  62|0x00000000ffe00000, 0x00000000fff00000, 0x00000000fff00000|100%| E|CS|TAMS 0x00000000ffe00000, 0x00000000ffe00000| Complete 
|  63|0x00000000fff00000, 0x0000000100000000, 0x0000000100000000|100%| E|CS|TAMS 0x00000000fff00000, 0x00000000fff00000| Complete 

Card table byte_map: [0x00000196f66a0000,0x00000196f66c0000] _byte_map_base: 0x00000196f5ec0000

Marking Bits (Prev, Next): (CMBitMap*) 0x00000196f8750ba0, (CMBitMap*) 0x00000196f8750be0
 Prev Bits: [0x00000196f8510000, 0x00000196f8610000)
 Next Bits: [0x00000196f87f0000, 0x00000196f88f0000)

Polling page: 0x00000196f6650000

Metaspace:

Usage:
  Non-class:      8.29 MB used.
      Class:      1.25 MB used.
       Both:      9.54 MB used.

Virtual space:
  Non-class space:       64.00 MB reserved,       8.38 MB ( 13%) committed,  1 nodes.
      Class space:        1.00 GB reserved,       1.38 MB ( <1%) committed,  1 nodes.
             Both:        1.06 GB reserved,       9.75 MB ( <1%) committed. 

Chunk freelists:
   Non-Class:  7.51 MB
       Class:  14.54 MB
        Both:  22.06 MB

MaxMetaspaceSize: unlimited
CompressedClassSpaceSize: 1.00 GB
Initial GC threshold: 21.00 MB
Current GC threshold: 21.00 MB
CDS: on
MetaspaceReclaimPolicy: balanced
 - commit_granule_bytes: 65536.
 - commit_granule_words: 8192.
 - virtual_space_node_default_size: 8388608.
 - enlarge_chunks_in_place: 1.
 - new_chunks_are_fully_committed: 0.
 - uncommit_free_chunks: 1.
 - use_allocation_guard: 0.
 - handle_deallocations: 1.


Internal statistics:

num_allocs_failed_limit: 0.
num_arena_births: 90.
num_arena_deaths: 0.
num_vsnodes_births: 2.
num_vsnodes_deaths: 0.
num_space_committed: 156.
num_space_uncommitted: 0.
num_chunks_returned_to_freelist: 0.
num_chunks_taken_from_freelist: 341.
num_chunk_merges: 0.
num_chunk_splits: 239.
num_chunks_enlarged: 199.
num_inconsistent_stats: 0.

CodeHeap 'non-profiled nmethods': size=120000Kb used=626Kb max_used=626Kb free=119374Kb
 bounds [0x000001968f510000, 0x000001968f780000, 0x0000019696a40000]
CodeHeap 'profiled nmethods': size=120000Kb used=3226Kb max_used=3226Kb free=116773Kb
 bounds [0x0000019687a40000, 0x0000019687d70000, 0x000001968ef70000]
CodeHeap 'non-nmethods': size=5760Kb used=1180Kb max_used=1202Kb free=4579Kb
 bounds [0x000001968ef70000, 0x000001968f1e0000, 0x000001968f510000]
 total_blobs=2149 nmethods=1668 adapters=394
 compilation: enabled
              stopped_count=0, restarted_count=0
 full_count=0

Compilation events (20 events):
Event: 75.845 Thread 0x0000019696b962c0 1657       4       jdk.internal.misc.Unsafe::getLong (7 bytes)
Event: 75.846 Thread 0x0000019696b962c0 nmethod 1657 0x000001968f5ab190 code [0x000001968f5ab300, 0x000001968f5ab378]
Event: 75.876 Thread 0x0000019696bb6be0 1658       3       java.nio.channels.spi.AbstractInterruptibleChannel::blockedOn (10 bytes)
Event: 75.876 Thread 0x0000019696bb6be0 nmethod 1658 0x0000019687d63110 code [0x0000019687d632c0, 0x0000019687d634e8]
Event: 75.876 Thread 0x0000019696bb6be0 1659       3       java.lang.System$2::blockedOn (5 bytes)
Event: 75.876 Thread 0x0000019696bb6be0 nmethod 1659 0x0000019687d63610 code [0x0000019687d637a0, 0x0000019687d638e8]
Event: 75.876 Thread 0x0000019696bb6be0 1660   !   3       java.lang.Thread::blockedOn (27 bytes)
Event: 75.876 Thread 0x0000019696bb6be0 nmethod 1660 0x0000019687d63990 code [0x0000019687d63b40, 0x0000019687d63d98]
Event: 75.906 Thread 0x0000019696bb6be0 1661       1       java.nio.DirectByteBuffer::base (2 bytes)
Event: 75.906 Thread 0x0000019696bb6be0 nmethod 1661 0x000001968f5ab490 code [0x000001968f5ab620, 0x000001968f5ab6f8]
Event: 75.922 Thread 0x0000019696bb6be0 1662       3       org.gradle.internal.logging.events.ProgressCompleteEvent::getLogLevel (4 bytes)
Event: 75.923 Thread 0x0000019696bb6be0 nmethod 1662 0x0000019687d63e90 code [0x0000019687d64020, 0x0000019687d64138]
Event: 76.123 Thread 0x0000019696bb6be0 1663       1       java.nio.DirectByteBuffer::isReadOnly (2 bytes)
Event: 76.124 Thread 0x0000019696bb6be0 nmethod 1663 0x000001968f5ab790 code [0x000001968f5ab920, 0x000001968f5ab9f8]
Event: 76.129 Thread 0x0000019696bb6be0 1664       1       java.util.LinkedList::size (5 bytes)
Event: 76.129 Thread 0x0000019696bb6be0 nmethod 1664 0x000001968f5aba90 code [0x000001968f5abc20, 0x000001968f5abcf8]
Event: 76.129 Thread 0x0000019696bb6be0 1665       3       java.util.Arrays::hashCode (56 bytes)
Event: 76.130 Thread 0x0000019696b962c0 1666       4       java.util.concurrent.ConcurrentHashMap::get (162 bytes)
Event: 76.130 Thread 0x0000019696bb6be0 nmethod 1665 0x0000019687d64210 code [0x0000019687d643c0, 0x0000019687d64728]
Event: 76.130 Thread 0x0000019696bb6be0 1667       3       java.lang.invoke.MethodHandles$Lookup::checkSecurityManager (97 bytes)

GC Heap History (4 events):
Event: 0.539 GC heap before
{Heap before GC invocations=0 (full 0):
 garbage-first heap   total 65536K, used 12288K [0x00000000fc000000, 0x0000000100000000)
  region size 1024K, 13 young (13312K), 0 survivors (0K)
 Metaspace       used 1831K, committed 1920K, reserved 1114112K
  class space    used 168K, committed 192K, reserved 1048576K
}
Event: 0.546 GC heap after
{Heap after GC invocations=1 (full 0):
 garbage-first heap   total 65536K, used 3320K [0x00000000fc000000, 0x0000000100000000)
  region size 1024K, 2 young (2048K), 2 survivors (2048K)
 Metaspace       used 1831K, committed 1920K, reserved 1114112K
  class space    used 168K, committed 192K, reserved 1048576K
}
Event: 1.313 GC heap before
{Heap before GC invocations=1 (full 0):
 garbage-first heap   total 65536K, used 21752K [0x00000000fc000000, 0x0000000100000000)
  region size 1024K, 17 young (17408K), 2 survivors (2048K)
 Metaspace       used 5053K, committed 5248K, reserved 1114112K
  class space    used 664K, committed 768K, reserved 1048576K
}
Event: 1.318 GC heap after
{Heap after GC invocations=2 (full 0):
 garbage-first heap   total 65536K, used 10970K [0x00000000fc000000, 0x0000000100000000)
  region size 1024K, 3 young (3072K), 3 survivors (3072K)
 Metaspace       used 5053K, committed 5248K, reserved 1114112K
  class space    used 664K, committed 768K, reserved 1048576K
}

Dll operation events (12 events):
Event: 0.012 Loaded shared library C:\Program Files\Microsoft\jdk-17.0.8.7-hotspot\bin\java.dll
Event: 0.038 Loaded shared library C:\Program Files\Microsoft\jdk-17.0.8.7-hotspot\bin\jsvml.dll
Event: 0.079 Loaded shared library C:\Program Files\Microsoft\jdk-17.0.8.7-hotspot\bin\net.dll
Event: 0.081 Loaded shared library C:\Program Files\Microsoft\jdk-17.0.8.7-hotspot\bin\nio.dll
Event: 0.085 Loaded shared library C:\Program Files\Microsoft\jdk-17.0.8.7-hotspot\bin\zip.dll
Event: 0.480 Loaded shared library C:\Program Files\Microsoft\jdk-17.0.8.7-hotspot\bin\jimage.dll
Event: 0.593 Loaded shared library C:\Program Files\Microsoft\jdk-17.0.8.7-hotspot\bin\verify.dll
Event: 1.140 Loaded shared library C:\Users\dell\.gradle\native\68d5fa5c4cc2d200863cafc0d521ce42e7d3e7ee720ec0a83991735586a16f82\windows-amd64\native-platform.dll
Event: 1.179 Loaded shared library C:\Users\dell\.gradle\native\jansi\1.18\windows64\jansi.dll
Event: 1.435 Loaded shared library C:\Program Files\Microsoft\jdk-17.0.8.7-hotspot\bin\management.dll
Event: 1.441 Loaded shared library C:\Program Files\Microsoft\jdk-17.0.8.7-hotspot\bin\management_ext.dll
Event: 7.767 Loaded shared library C:\Program Files\Microsoft\jdk-17.0.8.7-hotspot\bin\sunmscapi.dll

Deoptimization events (20 events):
Event: 2.544 Thread 0x00000196dcd09570 Uncommon trap: trap_request=0xffffff45 fr.pc=0x000001968f544268 relative=0x0000000000000528
Event: 2.544 Thread 0x00000196dcd09570 Uncommon trap: reason=unstable_if action=reinterpret pc=0x000001968f544268 method=java.lang.AbstractStringBuilder.putStringAt(ILjava/lang/String;II)V @ 8 c2
Event: 2.544 Thread 0x00000196dcd09570 DEOPT PACKING pc=0x000001968f544268 sp=0x0000004487bff020
Event: 2.544 Thread 0x00000196dcd09570 DEOPT UNPACKING pc=0x000001968efc69a3 sp=0x0000004487bfeea8 mode 2
Event: 2.544 Thread 0x00000196dcd09570 Uncommon trap: trap_request=0xffffff45 fr.pc=0x000001968f54b650 relative=0x0000000000000510
Event: 2.544 Thread 0x00000196dcd09570 Uncommon trap: reason=unstable_if action=reinterpret pc=0x000001968f54b650 method=java.lang.AbstractStringBuilder.putStringAt(ILjava/lang/String;II)V @ 8 c2
Event: 2.544 Thread 0x00000196dcd09570 DEOPT PACKING pc=0x000001968f54b650 sp=0x0000004487bfefc0
Event: 2.544 Thread 0x00000196dcd09570 DEOPT UNPACKING pc=0x000001968efc69a3 sp=0x0000004487bfeeb0 mode 2
Event: 2.544 Thread 0x00000196dcd09570 Uncommon trap: trap_request=0xffffff45 fr.pc=0x000001968f580120 relative=0x0000000000000400
Event: 2.544 Thread 0x00000196dcd09570 Uncommon trap: reason=unstable_if action=reinterpret pc=0x000001968f580120 method=java.lang.AbstractStringBuilder.isLatin1()Z @ 10 c2
Event: 2.544 Thread 0x00000196dcd09570 DEOPT PACKING pc=0x000001968f580120 sp=0x0000004487bff040
Event: 2.544 Thread 0x00000196dcd09570 DEOPT UNPACKING pc=0x000001968efc69a3 sp=0x0000004487bfefc0 mode 2
Event: 7.598 Thread 0x00000196dcd09570 Uncommon trap: trap_request=0xffffff45 fr.pc=0x000001968f51d384 relative=0x0000000000000084
Event: 7.598 Thread 0x00000196dcd09570 Uncommon trap: reason=unstable_if action=reinterpret pc=0x000001968f51d384 method=java.lang.String.codePointAt(I)I @ 4 c2
Event: 7.598 Thread 0x00000196dcd09570 DEOPT PACKING pc=0x000001968f51d384 sp=0x0000004487bfefc0
Event: 7.598 Thread 0x00000196dcd09570 DEOPT UNPACKING pc=0x000001968efc69a3 sp=0x0000004487bfef58 mode 2
Event: 76.129 Thread 0x00000196f872fe20 Uncommon trap: trap_request=0xffffffc6 fr.pc=0x000001968f56f280 relative=0x00000000000005a0
Event: 76.129 Thread 0x00000196f872fe20 Uncommon trap: reason=bimorphic_or_optimized_type_check action=maybe_recompile pc=0x000001968f56f280 method=java.util.concurrent.ConcurrentHashMap.get(Ljava/lang/Object;)Ljava/lang/Object; @ 149 c2
Event: 76.129 Thread 0x00000196f872fe20 DEOPT PACKING pc=0x000001968f56f280 sp=0x00000044868fbd40
Event: 76.129 Thread 0x00000196f872fe20 DEOPT UNPACKING pc=0x000001968efc69a3 sp=0x00000044868fbce0 mode 2

Classes unloaded (0 events):
No events

Classes redefined (0 events):
No events

Internal exceptions (20 events):
Event: 1.108 Thread 0x00000196f872fe20 Exception <a 'java/lang/NoSuchMethodError'{0x00000000ff55c758}: 'java.lang.Object java.lang.invoke.DirectMethodHandle$Holder.invokeVirtual(java.lang.Object, java.lang.Object, java.lang.Object, java.lang.Object, java.lang.Object, java.lang.Object, java.lang.Object)'> (0x00000000ff55c758) 
thrown [s\src\hotspot\share\interpreter\linkResolver.cpp, line 759]
Event: 1.112 Thread 0x00000196f872fe20 Exception <a 'java/lang/NoSuchMethodError'{0x00000000ff56e288}: 'java.lang.Object java.lang.invoke.Invokers$Holder.invoker(java.lang.Object, java.lang.Object, java.lang.Object)'> (0x00000000ff56e288) 
thrown [s\src\hotspot\share\interpreter\linkResolver.cpp, line 759]
Event: 1.113 Thread 0x00000196f872fe20 Exception <a 'java/lang/NoSuchMethodError'{0x00000000ff577358}: 'java.lang.Object java.lang.invoke.DirectMethodHandle$Holder.invokeStatic(java.lang.Object, java.lang.Object, int)'> (0x00000000ff577358) 
thrown [s\src\hotspot\share\interpreter\linkResolver.cpp, line 759]
Event: 1.116 Thread 0x00000196f872fe20 Exception <a 'java/lang/NoSuchMethodError'{0x00000000ff583048}: 'void java.lang.invoke.DelegatingMethodHandle$Holder.delegate(java.lang.Object, java.lang.Object, int, java.lang.Object)'> (0x00000000ff583048) 
thrown [s\src\hotspot\share\interpreter\linkResolver.cpp, line 759]
Event: 1.117 Thread 0x00000196f872fe20 Exception <a 'java/lang/NoSuchMethodError'{0x00000000ff587190}: 'int java.lang.invoke.DirectMethodHandle$Holder.invokeSpecial(java.lang.Object, java.lang.Object, java.lang.Object)'> (0x00000000ff587190) 
thrown [s\src\hotspot\share\interpreter\linkResolver.cpp, line 759]
Event: 1.120 Thread 0x00000196f872fe20 Exception <a 'java/lang/NoSuchMethodError'{0x00000000ff59a530}: 'java.lang.Object java.lang.invoke.Invokers$Holder.invokeExact_MT(java.lang.Object, java.lang.Object, java.lang.Object, java.lang.Object)'> (0x00000000ff59a530) 
thrown [s\src\hotspot\share\interpreter\linkResolver.cpp, line 759]
Event: 1.378 Thread 0x00000196f872fe20 Exception <a 'java/lang/NoSuchMethodError'{0x00000000ffd26a70}: 'void java.lang.invoke.DirectMethodHandle$Holder.invokeSpecial(java.lang.Object, java.lang.Object, java.lang.Object)'> (0x00000000ffd26a70) 
thrown [s\src\hotspot\share\interpreter\linkResolver.cpp, line 759]
Event: 1.392 Thread 0x00000196f872fe20 Implicit null exception at 0x000001968f562a8f to 0x000001968f563004
Event: 1.392 Thread 0x00000196f872fe20 Implicit null exception at 0x000001968f54c08f to 0x000001968f54c60c
Event: 1.432 Thread 0x00000196f872fe20 Exception <a 'java/lang/NoSuchMethodError'{0x00000000ffc6ea50}: 'java.lang.Object java.lang.invoke.DirectMethodHandle$Holder.invokeStaticInit(java.lang.Object)'> (0x00000000ffc6ea50) 
thrown [s\src\hotspot\share\interpreter\linkResolver.cpp, line 759]
Event: 1.604 Thread 0x00000196f872fe20 Exception <a 'java/lang/NoSuchMethodError'{0x00000000ff846550}: 'java.lang.Object java.lang.invoke.DirectMethodHandle$Holder.invokeStaticInit(java.lang.Object, int, int, int, int)'> (0x00000000ff846550) 
thrown [s\src\hotspot\share\interpreter\linkResolver.cpp, line 759]
Event: 1.688 Thread 0x00000196f872fe20 Exception <a 'java/lang/NoSuchMethodError'{0x00000000ff867b58}: 'java.lang.Object java.lang.invoke.DirectMethodHandle$Holder.invokeStaticInit(java.lang.Object, java.lang.Object, int, int, int, int)'> (0x00000000ff867b58) 
thrown [s\src\hotspot\share\interpreter\linkResolver.cpp, line 759]
Event: 2.062 Thread 0x00000196f872fe20 Exception <a 'java/lang/NoSuchMethodError'{0x00000000ff895890}: 'void java.lang.invoke.DirectMethodHandle$Holder.invokeStatic(java.lang.Object, java.lang.Object, java.lang.Object)'> (0x00000000ff895890) 
thrown [s\src\hotspot\share\interpreter\linkResolver.cpp, line 759]
Event: 2.502 Thread 0x00000196dcd09570 Exception <a 'java/lang/NoSuchMethodError'{0x00000000ff20dc60}: 'void java.lang.invoke.DirectMethodHandle$Holder.invokeStatic(java.lang.Object, long)'> (0x00000000ff20dc60) 
thrown [s\src\hotspot\share\interpreter\linkResolver.cpp, line 759]
Event: 2.503 Thread 0x00000196dcd09570 Exception <a 'java/lang/NoSuchMethodError'{0x00000000ff2135b8}: 'java.lang.Object java.lang.invoke.DirectMethodHandle$Holder.newInvokeSpecial(java.lang.Object, long)'> (0x00000000ff2135b8) 
thrown [s\src\hotspot\share\interpreter\linkResolver.cpp, line 759]
Event: 2.506 Thread 0x00000196dcd09570 Exception <a 'java/lang/NoSuchMethodError'{0x00000000ff21e160}: 'java.lang.Object java.lang.invoke.DirectMethodHandle$Holder.invokeStaticInit(java.lang.Object, java.lang.Object, long, java.lang.Object)'> (0x00000000ff21e160) 
thrown [s\src\hotspot\share\interpreter\linkResolver.cpp, line 759]
Event: 2.506 Thread 0x00000196dcd09570 Exception <a 'java/lang/NoSuchMethodError'{0x00000000ff2247e8}: 'java.lang.Object java.lang.invoke.DirectMethodHandle$Holder.newInvokeSpecial(java.lang.Object, java.lang.Object, long)'> (0x00000000ff2247e8) 
thrown [s\src\hotspot\share\interpreter\linkResolver.cpp, line 759]
Event: 2.507 Thread 0x00000196dcd09570 Exception <a 'java/lang/NoSuchMethodError'{0x00000000ff228ad8}: 'java.lang.Object java.lang.invoke.Invokers$Holder.linkToTargetMethod(java.lang.Object, long, java.lang.Object)'> (0x00000000ff228ad8) 
thrown [s\src\hotspot\share\interpreter\linkResolver.cpp, line 759]
Event: 76.124 Thread 0x00000196f872fe20 Exception <a 'sun/net/ConnectionResetException'{0x00000000fef325a0}: Connection reset> (0x00000000fef325a0) 
thrown [s\src\hotspot\share\prims\jni.cpp, line 535]
Event: 76.131 Thread 0x00000196f872fe20 Exception <a 'java/lang/NoSuchMethodError'{0x00000000fef61ce0}: 'int java.lang.invoke.DirectMethodHandle$Holder.invokeVirtual(java.lang.Object, java.lang.Object)'> (0x00000000fef61ce0) 
thrown [s\src\hotspot\share\interpreter\linkResolver.cpp, line 759]

VM Operations (20 events):
Event: 45.116 Executing VM operation: HandshakeAllThreads
Event: 45.116 Executing VM operation: HandshakeAllThreads done
Event: 45.116 Executing VM operation: Cleanup
Event: 45.116 Executing VM operation: Cleanup done
Event: 46.120 Executing VM operation: Cleanup
Event: 46.120 Executing VM operation: Cleanup done
Event: 48.121 Executing VM operation: Cleanup
Event: 48.121 Executing VM operation: Cleanup done
Event: 53.159 Executing VM operation: Cleanup
Event: 53.159 Executing VM operation: Cleanup done
Event: 60.152 Executing VM operation: HandshakeAllThreads
Event: 60.152 Executing VM operation: HandshakeAllThreads done
Event: 68.194 Executing VM operation: Cleanup
Event: 68.194 Executing VM operation: Cleanup done
Event: 70.222 Executing VM operation: Cleanup
Event: 70.222 Executing VM operation: Cleanup done
Event: 71.224 Executing VM operation: Cleanup
Event: 71.224 Executing VM operation: Cleanup done
Event: 72.225 Executing VM operation: Cleanup
Event: 72.225 Executing VM operation: Cleanup done

Events (20 events):
Event: 37.073 loading class jdk/internal/reflect/ByteVector done
Event: 37.073 loading class jdk/internal/reflect/ByteVectorImpl done
Event: 37.073 loading class jdk/internal/reflect/ClassFileAssembler
Event: 37.074 loading class jdk/internal/reflect/ClassFileAssembler done
Event: 37.074 loading class jdk/internal/reflect/UTF8
Event: 37.074 loading class jdk/internal/reflect/UTF8 done
Event: 37.075 loading class jdk/internal/reflect/Label
Event: 37.075 loading class jdk/internal/reflect/Label done
Event: 37.075 loading class jdk/internal/reflect/Label$PatchInfo
Event: 37.075 loading class jdk/internal/reflect/Label$PatchInfo done
Event: 37.075 loading class jdk/internal/reflect/MethodAccessorGenerator$1
Event: 37.075 loading class jdk/internal/reflect/MethodAccessorGenerator$1 done
Event: 37.076 loading class jdk/internal/reflect/ClassDefiner
Event: 37.076 loading class jdk/internal/reflect/ClassDefiner done
Event: 37.076 loading class jdk/internal/reflect/ClassDefiner$1
Event: 37.076 loading class jdk/internal/reflect/ClassDefiner$1 done
Event: 45.115 loading class java/util/ArrayList$ListItr
Event: 45.116 loading class java/util/ArrayList$ListItr done
Event: 76.123 loading class sun/net/ConnectionResetException
Event: 76.124 loading class sun/net/ConnectionResetException done


Dynamic libraries:
0x00007ff6dbda0000 - 0x00007ff6dbdae000 	C:\Program Files\Microsoft\jdk-17.0.8.7-hotspot\bin\java.exe
0x00007ff863ab0000 - 0x00007ff863ca8000 	C:\Windows\SYSTEM32\ntdll.dll
0x00007ff862ce0000 - 0x00007ff862d9d000 	C:\Windows\System32\KERNEL32.DLL
0x00007ff8614b0000 - 0x00007ff8617a6000 	C:\Windows\System32\KERNELBASE.dll
0x00007ff861800000 - 0x00007ff861900000 	C:\Windows\System32\ucrtbase.dll
0x00007ff85e3b0000 - 0x00007ff85e3c7000 	C:\Program Files\Microsoft\jdk-17.0.8.7-hotspot\bin\jli.dll
0x00007ff83c720000 - 0x00007ff83c73b000 	C:\Program Files\Microsoft\jdk-17.0.8.7-hotspot\bin\VCRUNTIME140.dll
0x00007ff863800000 - 0x00007ff86399e000 	C:\Windows\System32\USER32.dll
0x00007ff861480000 - 0x00007ff8614a2000 	C:\Windows\System32\win32u.dll
0x00007ff8627f0000 - 0x00007ff86281b000 	C:\Windows\System32\GDI32.dll
0x00007ff846e00000 - 0x00007ff84709a000 	C:\Windows\WinSxS\amd64_microsoft.windows.common-controls_6595b64144ccf1df_6.0.19041.3636_none_60b6a03d71f818d5\COMCTL32.dll
0x00007ff8612c0000 - 0x00007ff8613d7000 	C:\Windows\System32\gdi32full.dll
0x00007ff861da0000 - 0x00007ff861e3e000 	C:\Windows\System32\msvcrt.dll
0x00007ff8613e0000 - 0x00007ff86147d000 	C:\Windows\System32\msvcp_win.dll
0x00007ff861e40000 - 0x00007ff861e72000 	C:\Windows\System32\IMM32.DLL
0x00007ff835450000 - 0x00007ff83545c000 	C:\Program Files\Microsoft\jdk-17.0.8.7-hotspot\bin\vcruntime140_1.dll
0x00007ff83c740000 - 0x00007ff83c7cd000 	C:\Program Files\Microsoft\jdk-17.0.8.7-hotspot\bin\msvcp140.dll
0x00007fffe6050000 - 0x00007fffe6cb5000 	C:\Program Files\Microsoft\jdk-17.0.8.7-hotspot\bin\server\jvm.dll
0x00007ff862730000 - 0x00007ff8627e3000 	C:\Windows\System32\ADVAPI32.dll
0x00007ff861bd0000 - 0x00007ff861c6f000 	C:\Windows\System32\sechost.dll
0x00007ff861c70000 - 0x00007ff861d96000 	C:\Windows\System32\RPCRT4.dll
0x00007ff861290000 - 0x00007ff8612b7000 	C:\Windows\System32\bcrypt.dll
0x00007ff860fd0000 - 0x00007ff86101b000 	C:\Windows\SYSTEM32\POWRPROF.dll
0x00007ff85e3a0000 - 0x00007ff85e3a9000 	C:\Windows\SYSTEM32\WSOCK32.dll
0x00007ff8488c0000 - 0x00007ff8488e7000 	C:\Windows\SYSTEM32\WINMM.dll
0x00007ff862830000 - 0x00007ff86289b000 	C:\Windows\System32\WS2_32.dll
0x00007ff85c4d0000 - 0x00007ff85c4da000 	C:\Windows\SYSTEM32\VERSION.dll
0x00007ff860fb0000 - 0x00007ff860fc2000 	C:\Windows\SYSTEM32\UMPDC.dll
0x00007ff85f970000 - 0x00007ff85f982000 	C:\Windows\SYSTEM32\kernel.appcore.dll
0x00007ff842b60000 - 0x00007ff842b6a000 	C:\Program Files\Microsoft\jdk-17.0.8.7-hotspot\bin\jimage.dll
0x00007ff85e7c0000 - 0x00007ff85e9a4000 	C:\Windows\SYSTEM32\DBGHELP.DLL
0x00007ff84d9e0000 - 0x00007ff84da14000 	C:\Windows\SYSTEM32\dbgcore.DLL
0x00007ff861a60000 - 0x00007ff861ae2000 	C:\Windows\System32\bcryptPrimitives.dll
0x00007ff83c3f0000 - 0x00007ff83c415000 	C:\Program Files\Microsoft\jdk-17.0.8.7-hotspot\bin\java.dll
0x00007ff813f80000 - 0x00007ff814057000 	C:\Program Files\Microsoft\jdk-17.0.8.7-hotspot\bin\jsvml.dll
0x00007ff862f60000 - 0x00007ff8636a5000 	C:\Windows\System32\SHELL32.dll
0x00007ff85f0f0000 - 0x00007ff85f88c000 	C:\Windows\SYSTEM32\windows.storage.dll
0x00007ff862960000 - 0x00007ff862cb4000 	C:\Windows\System32\combase.dll
0x00007ff8609f0000 - 0x00007ff860a1e000 	C:\Windows\SYSTEM32\Wldp.dll
0x00007ff8639a0000 - 0x00007ff863a6d000 	C:\Windows\System32\OLEAUT32.dll
0x00007ff861fa0000 - 0x00007ff86204d000 	C:\Windows\System32\SHCORE.dll
0x00007ff8628a0000 - 0x00007ff8628f5000 	C:\Windows\System32\shlwapi.dll
0x00007ff8610a0000 - 0x00007ff8610c5000 	C:\Windows\SYSTEM32\profapi.dll
0x00007ff83c510000 - 0x00007ff83c529000 	C:\Program Files\Microsoft\jdk-17.0.8.7-hotspot\bin\net.dll
0x00007ff8513c0000 - 0x00007ff8514ca000 	C:\Windows\SYSTEM32\WINHTTP.dll
0x00007ff8607d0000 - 0x00007ff86083a000 	C:\Windows\system32\mswsock.dll
0x00007ff83c3d0000 - 0x00007ff83c3e6000 	C:\Program Files\Microsoft\jdk-17.0.8.7-hotspot\bin\nio.dll
0x00007ff82d9a0000 - 0x00007ff82d9b8000 	C:\Program Files\Microsoft\jdk-17.0.8.7-hotspot\bin\zip.dll
0x00007ff85c750000 - 0x00007ff85c760000 	C:\Program Files\Microsoft\jdk-17.0.8.7-hotspot\bin\verify.dll
0x00007ff85c720000 - 0x00007ff85c747000 	C:\Users\dell\.gradle\native\68d5fa5c4cc2d200863cafc0d521ce42e7d3e7ee720ec0a83991735586a16f82\windows-amd64\native-platform.dll
0x00007ff857e40000 - 0x00007ff857e4a000 	C:\Users\dell\.gradle\native\jansi\1.18\windows64\jansi.dll
0x00007ff83c3c0000 - 0x00007ff83c3c9000 	C:\Program Files\Microsoft\jdk-17.0.8.7-hotspot\bin\management.dll
0x00007ff8303d0000 - 0x00007ff8303db000 	C:\Program Files\Microsoft\jdk-17.0.8.7-hotspot\bin\management_ext.dll
0x00007ff862da0000 - 0x00007ff862da8000 	C:\Windows\System32\PSAPI.DLL
0x00007ff860d40000 - 0x00007ff860d58000 	C:\Windows\SYSTEM32\CRYPTSP.dll
0x00007ff860120000 - 0x00007ff860154000 	C:\Windows\system32\rsaenh.dll
0x00007ff861060000 - 0x00007ff86108e000 	C:\Windows\SYSTEM32\USERENV.dll
0x00007ff860960000 - 0x00007ff86096c000 	C:\Windows\SYSTEM32\CRYPTBASE.dll
0x00007ff8604e0000 - 0x00007ff86051b000 	C:\Windows\SYSTEM32\IPHLPAPI.DLL
0x00007ff8637f0000 - 0x00007ff8637f8000 	C:\Windows\System32\NSI.dll
0x00007ff857f60000 - 0x00007ff857f77000 	C:\Windows\SYSTEM32\dhcpcsvc6.DLL
0x00007ff857f40000 - 0x00007ff857f5d000 	C:\Windows\SYSTEM32\dhcpcsvc.DLL
0x00007ff860520000 - 0x00007ff8605eb000 	C:\Windows\SYSTEM32\DNSAPI.dll
0x00007ff82d9e0000 - 0x00007ff82d9ee000 	C:\Program Files\Microsoft\jdk-17.0.8.7-hotspot\bin\sunmscapi.dll
0x00007ff861900000 - 0x00007ff861a5d000 	C:\Windows\System32\CRYPT32.dll
0x00007ff860a60000 - 0x00007ff860a88000 	C:\Windows\SYSTEM32\ncrypt.dll
0x00007ff860a20000 - 0x00007ff860a5b000 	C:\Windows\SYSTEM32\NTASN1.dll
0x00007ff804fa0000 - 0x00007ff804fa7000 	C:\Windows\system32\wshunix.dll

dbghelp: loaded successfully - version: 4.0.5 - missing functions: none
symbol engine: initialized successfully - sym options: 0x614 - pdb path: .;C:\Program Files\Microsoft\jdk-17.0.8.7-hotspot\bin;C:\Windows\SYSTEM32;C:\Windows\WinSxS\amd64_microsoft.windows.common-controls_6595b64144ccf1df_6.0.19041.3636_none_60b6a03d71f818d5;C:\Program Files\Microsoft\jdk-17.0.8.7-hotspot\bin\server;C:\Users\dell\.gradle\native\68d5fa5c4cc2d200863cafc0d521ce42e7d3e7ee720ec0a83991735586a16f82\windows-amd64;C:\Users\dell\.gradle\native\jansi\1.18\windows64

VM Arguments:
jvm_args: -Xmx64m -Xms64m -Dorg.gradle.appname=gradlew 
java_command: org.gradle.wrapper.GradleWrapperMain clean
java_class_path (initial): D:\react checking\Foodapp\android\\gradle\wrapper\gradle-wrapper.jar
Launcher Type: SUN_STANDARD

[Global flags]
     intx CICompilerCount                          = 3                                         {product} {ergonomic}
     uint ConcGCThreads                            = 1                                         {product} {ergonomic}
     uint G1ConcRefinementThreads                  = 4                                         {product} {ergonomic}
   size_t G1HeapRegionSize                         = 1048576                                   {product} {ergonomic}
    uintx GCDrainStackTargetSize                   = 64                                        {product} {ergonomic}
   size_t InitialHeapSize                          = 67108864                                  {product} {command line}
   size_t MarkStackSize                            = 4194304                                   {product} {ergonomic}
   size_t MaxHeapSize                              = 67108864                                  {product} {command line}
   size_t MaxNewSize                               = 39845888                                  {product} {ergonomic}
   size_t MinHeapDeltaBytes                        = 1048576                                   {product} {ergonomic}
   size_t MinHeapSize                              = 67108864                                  {product} {command line}
    uintx NonNMethodCodeHeapSize                   = 5832780                                {pd product} {ergonomic}
    uintx NonProfiledCodeHeapSize                  = 122912730                              {pd product} {ergonomic}
    uintx ProfiledCodeHeapSize                     = 122912730                              {pd product} {ergonomic}
    uintx ReservedCodeCacheSize                    = 251658240                              {pd product} {ergonomic}
     bool SegmentedCodeCache                       = true                                      {product} {ergonomic}
   size_t SoftMaxHeapSize                          = 67108864                               {manageable} {ergonomic}
     bool UseCompressedClassPointers               = true                           {product lp64_product} {ergonomic}
     bool UseCompressedOops                        = true                           {product lp64_product} {ergonomic}
     bool UseG1GC                                  = true                                      {product} {ergonomic}
     bool UseLargePagesIndividualAllocation        = false                                  {pd product} {ergonomic}

Logging:
Log output configuration:
 #0: stdout all=warning uptime,level,tags
 #1: stderr all=off uptime,level,tags

Environment Variables:
JAVA_HOME=C:\Program Files\Microsoft\jdk-17.0.8.7-hotspot\
CLASSPATH=D:\react checking\Foodapp\android\\gradle\wrapper\gradle-wrapper.jar
PATH=C:\Program Files\Microsoft\jdk-17.0.8.7-hotspot\bin;C:\Program Files\Common Files\Oracle\Java\javapath;C:\Windows\system32;C:\Windows;C:\Windows\System32\Wbem;C:\Windows\System32\WindowsPowerShell\v1.0\;C:\Windows\System32\OpenSSH\;C:\Program Files\Java\jdk-16.0.2\bin;C:\Program Files\Microsoft SQL Server\Client SDK\ODBC\170\Tools\Binn\;C:\Program Files (x86)\Microsoft SQL Server\150\Tools\Binn\;C:\Program Files\Microsoft SQL Server\150\Tools\Binn\;C:\Program Files\Microsoft SQL Server\150\DTS\Binn\;C:\Program Files\Azure Data Studio\bin;C:\Program Files\MongoDB\Server\6.0\bin;C:\Users\dell\Downloads\mongosh-1.8.1-win32-x64\mongosh-1.8.1\bin;C:\ProgramData\chocolatey\bin;C:\Program Files\Java\jdk-16.0.2;C:\Users\dell\AppData\Local\Android\Sdk;C:\Users\dell\AppData\Local\Android\Sdk\platform-tools;C:\Program Files\nodejs\;C:\Users\dell\AppData\Local\Android\Sdk\platform-tools;C:\Program Files\Git\cmd;C:\Users\dell\AppData\Local\Android\Sdk\tools;C:\Users\dell\AppData\Local\Microsoft\WindowsApps;C:\Users\dell\AppData\Local\Programs\Microsoft VS Code\bin;C:\MinGW\bin;C:\Users\dell\Desktop;C:\Program Files\Azure Data Studio\bin;C:\Program Files\MongoDB\Server\6.0\bin;C:\Users\dell\AppData\Local\JetBrains\Toolbox\scripts;C:\Users\dell\AppData\Roaming\npm
USERNAME=dell
LANG=en_US.UTF-8
OS=Windows_NT
PROCESSOR_IDENTIFIER=Intel64 Family 6 Model 94 Stepping 3, GenuineIntel
TMP=C:\Users\dell\AppData\Local\Temp
TEMP=C:\Users\dell\AppData\Local\Temp



---------------  S Y S T E M  ---------------

OS:
 Windows 10 , 64 bit Build 19041 (10.0.19041.3636)
OS uptime: 0 days 5:41 hours
Hyper-V role detected

CPU: total 4 (initial active 4) (4 cores per cpu, 1 threads per core) family 6 model 94 stepping 3 microcode 0xcc, cx8, cmov, fxsr, mmx, 3dnowpref, sse, sse2, sse3, ssse3, sse4.1, sse4.2, popcnt, lzcnt, tsc, tscinvbit, avx, avx2, aes, erms, clmul, bmi1, bmi2, rtm, adx, fma, vzeroupper, clflush, clflushopt, hv
Processor Information for processor 0
  Max Mhz: 2601, Current Mhz: 2601, Mhz Limit: 2601
Processor Information for processor 1
  Max Mhz: 2601, Current Mhz: 1500, Mhz Limit: 2601
Processor Information for processor 2
  Max Mhz: 2601, Current Mhz: 1500, Mhz Limit: 2601
Processor Information for processor 3
  Max Mhz: 2601, Current Mhz: 1500, Mhz Limit: 2601

Memory: 4k page, system-wide physical 7821M (967M free)
TotalPageFile size 18463M (AvailPageFile size 745M)
current process WorkingSet (physical memory assigned to process): 85M, peak: 92M
current process commit charge ("private bytes"): 155M, peak: 163M

vm_info: OpenJDK 64-Bit Server VM (17.0.8+7-LTS) for windows-amd64 JRE (17.0.8+7-LTS), built on Jul  7 2023 17:21:55 by "MicrosoftCorporation" with MS VC++ 16.10 / 16.11 (VS2019)

END.
